Loading compiler version 2023.0.0
Loading tbb version 2021.8.0
Loading compiler-rt version 2023.0.0
Loading oclfpga version 2023.0.0
  Load "debugger" to debug DPC++ applications with the gdb-oneapi debugger.
  Load "dpl" for additional DPC++ APIs: https://github.com/oneapi-src/oneDPL
Loading mpi version 2021.8.0
Loading advisor version 2023.0.0
Loading clck version 2021.7.2
Loading dal version 2023.0.0
Loading inspector version 2023.0.0
Loading intel_ipp_intel64 version 2021.7.0

For a full Intel(R) Integrated Performance Primitives functionality, you should load Intel(R) oneAPI Compiler and Intel(R) oneAPI Threading Building Blocks modules.

Loading itac version 2021.8.0
Loading mkl version 2023.0.0
Loading vtune version 2023.0.0
Loading debugger version 2023.0.0
Loading dpl version 2022.0.0

Loading BaseCPU/2023
  Loading requirement: inteloneAPI/2023.0 tbb/latest compiler-rt/latest
    oclfpga/latest compiler/latest mpi/latest advisor/latest clck/latest
    dal/latest inspector/latest intel_ipp_intel64/latest itac/latest mkl/latest
    vtune/latest debugger/latest dpl/latest
--------------ENVIRONMENT------------------
LANGUAGE:   en_US.utf8
OMP_NUM_THREADS:   4
CONDA ENV:   /sqfs/work/K2319/u6b878/apps/conda/conda_env/catlearn
PYTHON:   /sqfs/work/K2319/u6b878/apps/conda/conda_env/catlearn/bin/python
PYTHON VERSION:   Python 3.10.11 | packaged by conda-forge | (main, May 10 2023, 18:58:44) [GCC 11.3.0]
LOCATION:   /sqfs2/cmc/1/work/K2319/u6b878/test_workspace/digital-alchemy-test/catlearn-example-01
-------------------------------------------
========= Job started  at Mon Jun 12 19:17:02 JST 2023 ==========
[2023-06-12 19:17:22] Creating initial structure: Al FCC(100) Slab + Au atom: 
[2023-06-12 19:17:23] Applying constraints: Fixing slab second and third layers: 
[2023-06-12 19:17:23] Optimizing initial end-point structure: 
      Step     Time          Energy         fmax
BFGS:    0 19:17:23        3.323870        0.2462
BFGS:    1 19:17:23        3.321365        0.2035
BFGS:    2 19:17:23        3.314740        0.0206
BFGS:    3 19:17:23        3.314706        0.0298
BFGS:    4 19:17:23        3.314668        0.0352
BFGS:    5 19:17:23        3.314574        0.0398
BFGS:    6 19:17:23        3.314451        0.0342
BFGS:    7 19:17:23        3.314351        0.0168
BFGS:    8 19:17:23        3.314318        0.0087
[2023-06-12 19:17:23] Creating final end-point structure: 
[2023-06-12 19:17:23] Optimizing final end-point structure: 
      Step     Time          Energy         fmax
BFGS:    0 19:17:23        3.323351        0.1583
BFGS:    1 19:17:23        3.321730        0.1417
BFGS:    2 19:17:23        3.315785        0.0652
BFGS:    3 19:17:23        3.315584        0.0694
BFGS:    4 19:17:23        3.314652        0.0600
BFGS:    5 19:17:23        3.314389        0.0332
BFGS:    6 19:17:24        3.314326        0.0124
BFGS:    7 19:17:24        3.314319        0.0090
[2023-06-12 19:17:24] Re-loading initial and final end-point structures: 
[2023-06-12 19:17:24] Initializing NEB images state list: 
[2023-06-12 19:17:24] Initialize NEB instance: 
[2023-06-12 19:17:24] Interpolating NEB images path:
[2023-06-12 19:17:24] Optimizing NEB images path (ASE METHOD):
[2023-06-12 19:17:24] Optimizing NEB images path (CatLearn METHOD):
 
       ____      _   _                          
      / ___|__ _| |_| |    ___  __ _ _ __ _ __  
     | |   / _` | __| |   / _ \/ _` | '__| '_ \ 
     | |__| (_| | |_| |__|  __/ (_| | |  | | | |
      \____\__,_|\__|_____\___|\__,_|_|  |_| |_| ML-NEB 0.7.0
      
      
+--------+------+---------------------+---------------------+---------------------+--------------+--------------+----------+
| Method | Step |        Time         | Pred. barrier (-->) | Pred. barrier (<--) | Max. uncert. | Avg. uncert. |   fmax   |
+--------+------+---------------------+---------------------+------------------+--------------+--------------+----------+
| ML-NEB |     0| 2023-06-12 19:17:24 |             0.000000|             0.000000|      0.000000|      0.000000|  0.008990|
+--------+------+---------------------+---------------------+------------------+--------------+--------------+----------+
+--------+------+---------------------+---------------------+---------------------+--------------+--------------+----------+
| Method | Step |        Time         | Pred. barrier (-->) | Pred. barrier (<--) | Max. uncert. | Avg. uncert. |   fmax   |
+--------+------+---------------------+---------------------+------------------+--------------+--------------+----------+
| ML-NEB |     0| 2023-06-12 19:17:24 |             0.000000|             0.000000|      0.000000|      0.000000|  0.008990|
| ML-NEB |     1| 2023-06-12 19:17:24 |             0.000000|             0.000000|      0.000000|      0.000000|  2.893326|
+--------+------+---------------------+---------------------+------------------+--------------+--------------+----------+


Training a Gaussian process...
Number of training points: 3
Optimized hyperparameters: [{'type': 'gaussian', 'width': [0.5233899540027822], 'dimension': 'single', 'bounds': ((0.1, 2.8643846978615803),), 'scaling': 0.10498661087962691, 'scaling_bounds': ((0.10498661087962691, 0.10498661087962691),)}, {'type': 'noise_multi', 'hyperparameters': [0.005, 0.0016309779809372583], 'bounds': ((0.001, 0.005), (0.0005, 0.002))}]
Gaussian process trained.
Max number steps: 750
Using initial path.
/sqfs/work/K2319/u6b878/apps/conda/conda_env/catlearn/lib/python3.10/site-packages/ase/utils/__init__.py:62: FutureWarning: NEBTools.get_fit() is deprecated.  Please use ase.utils.forcecurve.fit_images(images).
  warnings.warn(warning)
/sqfs/work/K2319/u6b878/apps/conda/conda_env/catlearn/lib/python3.10/site-packages/ase/atoms.py:967: VisibleDeprecationWarning: Use get_global_number_of_atoms() instead
  warnings.warn('Use get_global_number_of_atoms() instead',
Maximum uncertainty reach in initial path.
Early stop.
Performing evaluation on the real landscape...
Single-point calculation finished.


+--------+------+---------------------+---------------------+---------------------+--------------+--------------+----------+
| Method | Step |        Time         | Pred. barrier (-->) | Pred. barrier (<--) | Max. uncert. | Avg. uncert. |   fmax   |
+--------+------+---------------------+---------------------+------------------+--------------+--------------+----------+
| ML-NEB |     0| 2023-06-12 19:17:25 |             0.000000|             0.000000|      0.000000|      0.000000|  0.008990|
| ML-NEB |     1| 2023-06-12 19:17:25 |             0.000000|             0.000000|      0.000000|      0.000000|  2.893326|
| ML-NEB |     2| 2023-06-12 19:17:25 |             0.942750|             0.942750|      0.529310|      0.235590|  2.898587|
+--------+------+---------------------+---------------------+------------------+--------------+--------------+----------+


Training a Gaussian process...
Number of training points: 4
Optimized hyperparameters: [{'type': 'gaussian', 'width': [0.6059578579019107], 'dimension': 'single', 'bounds': ((0.1, 2.864384697861581),), 'scaling': 0.11825489938718907, 'scaling_bounds': ((0.11825489938718907, 0.11825489938718907),)}, {'type': 'noise_multi', 'hyperparameters': [0.001, 0.0005], 'bounds': ((0.001, 0.005), (0.0005, 0.002))}]
Gaussian process trained.
Max number steps: 750
Using initial path.
Optimizing ML CI-NEB using dt: 0.025
       Step     Time          Energy         fmax
MDMin:    0 19:17:25        4.274475        3.2397
MDMin:    1 19:17:25        4.267709        3.2404
Pred. energy above max. energy. Early stop.
Converged opt. in the predicted landscape.
Performing evaluation on the real landscape...
Single-point calculation finished.


+--------+------+---------------------+---------------------+---------------------+--------------+--------------+----------+
| Method | Step |        Time         | Pred. barrier (-->) | Pred. barrier (<--) | Max. uncert. | Avg. uncert. |   fmax   |
+--------+------+---------------------+---------------------+------------------+--------------+--------------+----------+
| ML-NEB |     0| 2023-06-12 19:17:25 |             0.000000|             0.000000|      0.000000|      0.000000|  0.008990|
| ML-NEB |     1| 2023-06-12 19:17:25 |             0.000000|             0.000000|      0.000000|      0.000000|  2.893326|
| ML-NEB |     2| 2023-06-12 19:17:25 |             0.942750|             0.942750|      0.529310|      0.235590|  2.898587|
| ML-NEB |     3| 2023-06-12 19:17:25 |             0.960160|             0.960160|      0.034400|      0.020130|  3.750100|
+--------+------+---------------------+---------------------+------------------+--------------+--------------+----------+


Training a Gaussian process...
Number of training points: 5
Optimized hyperparameters: [{'type': 'gaussian', 'width': [0.7133093201489343], 'dimension': 'single', 'bounds': ((0.1, 2.864384697861581),), 'scaling': 0.15599726273370987, 'scaling_bounds': ((0.15599726273370987, 0.15599726273370987),)}, {'type': 'noise_multi', 'hyperparameters': [0.001, 0.0005], 'bounds': ((0.001, 0.005), (0.0005, 0.002))}]
Gaussian process trained.
Max number steps: 750
Using initial path.
Optimizing ML CI-NEB using dt: 0.025
       Step     Time          Energy         fmax
MDMin:    0 19:17:25        4.275100        3.7501
MDMin:    1 19:17:25        4.266324        3.7501
       Step     Time          Energy         fmax
MDMin:    0 19:17:25        4.266324        3.7501
MDMin:    1 19:17:25        4.240000        3.7496
       Step     Time          Energy         fmax
MDMin:    0 19:17:25        4.240000        3.7496
MDMin:    1 19:17:25        4.196145        3.7476
       Step     Time          Energy         fmax
MDMin:    0 19:17:25        4.196145        3.7476
MDMin:    1 19:17:25        4.134828        3.7423
       Step     Time          Energy         fmax
MDMin:    0 19:17:25        4.134828        3.7423
MDMin:    1 19:17:25        4.056220        3.7312
       Step     Time          Energy         fmax
MDMin:    0 19:17:25        4.056220        3.7312
MDMin:    1 19:17:25        3.960671        3.7110
       Step     Time          Energy         fmax
MDMin:    0 19:17:25        3.960671        3.7110
MDMin:    1 19:17:25        3.848794        3.6780
       Step     Time          Energy         fmax
MDMin:    0 19:17:25        3.848794        3.6780
MDMin:    1 19:17:25        3.721579        3.6279
       Step     Time          Energy         fmax
MDMin:    0 19:17:25        3.721579        3.6279
MDMin:    1 19:17:25        3.610144        3.5562
       Step     Time          Energy         fmax
MDMin:    0 19:17:25        3.610144        3.5562
MDMin:    1 19:17:25        3.522763        3.4585
       Step     Time          Energy         fmax
MDMin:    0 19:17:25        3.522763        3.4585
MDMin:    1 19:17:25        3.435330        3.3307
       Step     Time          Energy         fmax
MDMin:    0 19:17:26        3.435330        3.3307
MDMin:    1 19:17:26        3.419827        3.1691
       Step     Time          Energy         fmax
MDMin:    0 19:17:26        3.419827        3.1691
MDMin:    1 19:17:26        3.402855        2.9709
       Step     Time          Energy         fmax
MDMin:    0 19:17:26        3.402855        2.9709
MDMin:    1 19:17:26        3.384315        2.7349
       Step     Time          Energy         fmax
MDMin:    0 19:17:26        3.384315        2.7349
MDMin:    1 19:17:26        3.364322        2.4626
       Step     Time          Energy         fmax
MDMin:    0 19:17:26        3.364322        2.4626
MDMin:    1 19:17:26        3.343804        2.1573
       Step     Time          Energy         fmax
MDMin:    0 19:17:26        3.343804        2.1573
MDMin:    1 19:17:26        3.323016        1.8257
       Step     Time          Energy         fmax
MDMin:    0 19:17:26        3.323016        1.8257
MDMin:    1 19:17:26        3.302629        1.4769
       Step     Time          Energy         fmax
MDMin:    0 19:17:26        3.302629        1.4769
MDMin:    1 19:17:26        3.284191        1.1228
Maximum uncertainty reach. Early stop.
Converged opt. in the predicted landscape.
Performing evaluation on the real landscape...
Single-point calculation finished.


+--------+------+---------------------+---------------------+---------------------+--------------+--------------+----------+
| Method | Step |        Time         | Pred. barrier (-->) | Pred. barrier (<--) | Max. uncert. | Avg. uncert. |   fmax   |
+--------+------+---------------------+---------------------+------------------+--------------+--------------+----------+
| ML-NEB |     0| 2023-06-12 19:17:26 |             0.000000|             0.000000|      0.000000|      0.000000|  0.008990|
| ML-NEB |     1| 2023-06-12 19:17:26 |             0.000000|             0.000000|      0.000000|      0.000000|  2.893326|
| ML-NEB |     2| 2023-06-12 19:17:26 |             0.942750|             0.942750|      0.529310|      0.235590|  2.898587|
| ML-NEB |     3| 2023-06-12 19:17:26 |             0.960160|             0.960160|      0.034400|      0.020130|  3.750100|
| ML-NEB |     4| 2023-06-12 19:17:26 |             0.000000|             0.000000|      0.235450|      0.118390|  1.626809|
+--------+------+---------------------+---------------------+------------------+--------------+--------------+----------+


Training a Gaussian process...
Number of training points: 6
Optimized hyperparameters: [{'type': 'gaussian', 'width': [0.4267485963295949], 'dimension': 'single', 'bounds': ((0.1, 3.0586581391095393),), 'scaling': 0.14361988431190773, 'scaling_bounds': ((0.14361988431190773, 0.14361988431190773),)}, {'type': 'noise_multi', 'hyperparameters': [0.005, 0.0005], 'bounds': ((0.001, 0.005), (0.0005, 0.002))}]
Gaussian process trained.
Max number steps: 750
Using initial path.
Optimizing ML CI-NEB using dt: 0.025
       Step     Time          Energy         fmax
MDMin:    0 19:17:26        4.276032        3.7501
MDMin:    1 19:17:26        4.267278        3.7330
       Step     Time          Energy         fmax
MDMin:    0 19:17:26        4.267278        3.7330
MDMin:    1 19:17:26        4.241372        3.6808
       Step     Time          Energy         fmax
MDMin:    0 19:17:26        4.241372        3.6808
MDMin:    1 19:17:26        4.199458        3.5908
       Step     Time          Energy         fmax
MDMin:    0 19:17:26        4.199458        3.5908
MDMin:    1 19:17:26        4.143524        3.4592
       Step     Time          Energy         fmax
MDMin:    0 19:17:26        4.143524        3.4592
MDMin:    1 19:17:26        4.076431        3.2822
       Step     Time          Energy         fmax
MDMin:    0 19:17:26        4.076431        3.2822
MDMin:    1 19:17:26        4.001887        3.0572
       Step     Time          Energy         fmax
MDMin:    0 19:17:26        4.001887        3.0572
MDMin:    1 19:17:26        3.924286        2.7845
       Step     Time          Energy         fmax
MDMin:    0 19:17:26        3.924286        2.7845
MDMin:    1 19:17:26        3.848376        2.4685
       Step     Time          Energy         fmax
MDMin:    0 19:17:26        3.848376        2.4685
MDMin:    1 19:17:26        3.778751        2.1187
       Step     Time          Energy         fmax
MDMin:    0 19:17:26        3.778751        2.1187
MDMin:    1 19:17:26        3.719229        1.7495
       Step     Time          Energy         fmax
MDMin:    0 19:17:26        3.719229        1.7495
MDMin:    1 19:17:26        3.672257        1.4112
       Step     Time          Energy         fmax
MDMin:    0 19:17:26        3.672257        1.4112
MDMin:    1 19:17:26        3.638503        1.1317
       Step     Time          Energy         fmax
MDMin:    0 19:17:26        3.638503        1.1317
MDMin:    1 19:17:26        3.616748        0.8444
       Step     Time          Energy         fmax
MDMin:    0 19:17:26        3.616748        0.8444
MDMin:    1 19:17:26        3.604134        0.5660
       Step     Time          Energy         fmax
MDMin:    0 19:17:26        3.604134        0.5660
MDMin:    1 19:17:26        3.596797        0.3514
       Step     Time          Energy         fmax
MDMin:    0 19:17:26        3.596797        0.3514
MDMin:    1 19:17:26        3.591137        0.2200
       Step     Time          Energy         fmax
MDMin:    0 19:17:26        3.591137        0.2200
MDMin:    1 19:17:26        3.585739        0.1221
       Step     Time          Energy         fmax
MDMin:    0 19:17:26        3.585739        0.1221
MDMin:    1 19:17:27        3.581368        0.0681
       Step     Time          Energy         fmax
MDMin:    0 19:17:27        3.581368        0.0681
MDMin:    1 19:17:27        3.579464        0.0143
Converged opt. in the predicted landscape.
Performing evaluation on the real landscape...
Single-point calculation finished.


+--------+------+---------------------+---------------------+---------------------+--------------+--------------+----------+
| Method | Step |        Time         | Pred. barrier (-->) | Pred. barrier (<--) | Max. uncert. | Avg. uncert. |   fmax   |
+--------+------+---------------------+---------------------+------------------+--------------+--------------+----------+
| ML-NEB |     0| 2023-06-12 19:17:27 |             0.000000|             0.000000|      0.000000|      0.000000|  0.008990|
| ML-NEB |     1| 2023-06-12 19:17:27 |             0.000000|             0.000000|      0.000000|      0.000000|  2.893326|
| ML-NEB |     2| 2023-06-12 19:17:27 |             0.942750|             0.942750|      0.529310|      0.235590|  2.898587|
| ML-NEB |     3| 2023-06-12 19:17:27 |             0.960160|             0.960160|      0.034400|      0.020130|  3.750100|
| ML-NEB |     4| 2023-06-12 19:17:27 |             0.000000|             0.000000|      0.235450|      0.118390|  1.626809|
| ML-NEB |     5| 2023-06-12 19:17:27 |             0.265150|             0.265140|      0.248580|      0.177030|  0.705974|
+--------+------+---------------------+---------------------+------------------+--------------+--------------+----------+


Training a Gaussian process...
Number of training points: 7
Optimized hyperparameters: [{'type': 'gaussian', 'width': [0.444788316109815], 'dimension': 'single', 'bounds': ((0.1, 2.9910385585380155),), 'scaling': 0.13918834654175263, 'scaling_bounds': ((0.13918834654175263, 0.13918834654175263),)}, {'type': 'noise_multi', 'hyperparameters': [0.005, 0.0005], 'bounds': ((0.001, 0.005), (0.0005, 0.002))}]
Gaussian process trained.
Max number steps: 750
Using initial path.
Optimizing ML CI-NEB using dt: 0.025
       Step     Time          Energy         fmax
MDMin:    0 19:17:27        4.276165        3.7501
MDMin:    1 19:17:27        4.267412        3.7320
       Step     Time          Energy         fmax
MDMin:    0 19:17:27        4.267412        3.7320
MDMin:    1 19:17:27        4.241527        3.6770
       Step     Time          Energy         fmax
MDMin:    0 19:17:27        4.241527        3.6770
MDMin:    1 19:17:27        4.199692        3.5826
       Step     Time          Energy         fmax
MDMin:    0 19:17:27        4.199692        3.5826
MDMin:    1 19:17:27        4.143940        3.4457
       Step     Time          Energy         fmax
MDMin:    0 19:17:27        4.143940        3.4457
MDMin:    1 19:17:27        4.077168        3.2633
       Step     Time          Energy         fmax
MDMin:    0 19:17:27        4.077168        3.2633
MDMin:    1 19:17:27        4.003085        3.0334
       Step     Time          Energy         fmax
MDMin:    0 19:17:27        4.003085        3.0334
MDMin:    1 19:17:27        3.926049        2.7569
       Step     Time          Energy         fmax
MDMin:    0 19:17:27        3.926049        2.7569
MDMin:    1 19:17:27        3.850732        2.4386
       Step     Time          Energy         fmax
MDMin:    0 19:17:27        3.850732        2.4386
MDMin:    1 19:17:27        3.781644        2.0877
       Step     Time          Energy         fmax
MDMin:    0 19:17:27        3.781644        2.0877
MDMin:    1 19:17:27        3.722548        1.7182
       Step     Time          Energy         fmax
MDMin:    0 19:17:27        3.722548        1.7182
MDMin:    1 19:17:27        3.675902        1.3791
       Step     Time          Energy         fmax
MDMin:    0 19:17:27        3.675902        1.3791
MDMin:    1 19:17:27        3.642446        1.0970
       Step     Time          Energy         fmax
MDMin:    0 19:17:27        3.642446        1.0970
MDMin:    1 19:17:27        3.621031        0.8065
       Step     Time          Energy         fmax
MDMin:    0 19:17:27        3.621031        0.8065
MDMin:    1 19:17:27        3.608748        0.5257
       Step     Time          Energy         fmax
MDMin:    0 19:17:27        3.608748        0.5257
MDMin:    1 19:17:27        3.601484        0.3428
       Step     Time          Energy         fmax
MDMin:    0 19:17:27        3.601484        0.3428
MDMin:    1 19:17:27        3.595559        0.2002
       Step     Time          Energy         fmax
MDMin:    0 19:17:27        3.595559        0.2002
MDMin:    1 19:17:27        3.590043        0.1306
       Step     Time          Energy         fmax
MDMin:    0 19:17:27        3.590043        0.1306
MDMin:    1 19:17:27        3.585739        0.0792
       Step     Time          Energy         fmax
MDMin:    0 19:17:27        3.585739        0.0792
MDMin:    1 19:17:27        3.583533        0.0357
Converged opt. in the predicted landscape.
Performing evaluation on the real landscape...
Single-point calculation finished.


+--------+------+---------------------+---------------------+---------------------+--------------+--------------+----------+
| Method | Step |        Time         | Pred. barrier (-->) | Pred. barrier (<--) | Max. uncert. | Avg. uncert. |   fmax   |
+--------+------+---------------------+---------------------+------------------+--------------+--------------+----------+
| ML-NEB |     0| 2023-06-12 19:17:27 |             0.000000|             0.000000|      0.000000|      0.000000|  0.008990|
| ML-NEB |     1| 2023-06-12 19:17:27 |             0.000000|             0.000000|      0.000000|      0.000000|  2.893326|
| ML-NEB |     2| 2023-06-12 19:17:27 |             0.942750|             0.942750|      0.529310|      0.235590|  2.898587|
| ML-NEB |     3| 2023-06-12 19:17:27 |             0.960160|             0.960160|      0.034400|      0.020130|  3.750100|
| ML-NEB |     4| 2023-06-12 19:17:27 |             0.000000|             0.000000|      0.235450|      0.118390|  1.626809|
| ML-NEB |     5| 2023-06-12 19:17:27 |             0.265150|             0.265140|      0.248580|      0.177030|  0.705974|
| ML-NEB |     6| 2023-06-12 19:17:27 |             0.269210|             0.269210|      0.227710|      0.113050|  0.767658|
+--------+------+---------------------+---------------------+------------------+--------------+--------------+----------+


Training a Gaussian process...
Number of training points: 8
Optimized hyperparameters: [{'type': 'gaussian', 'width': [0.4533593194452986], 'dimension': 'single', 'bounds': ((0.1, 2.992653573473334),), 'scaling': 0.1315919286947549, 'scaling_bounds': ((0.1315919286947549, 0.1315919286947549),)}, {'type': 'noise_multi', 'hyperparameters': [0.005, 0.0005], 'bounds': ((0.001, 0.005), (0.0005, 0.002))}]
Gaussian process trained.
Max number steps: 750
Using initial path.
Optimizing ML CI-NEB using dt: 0.025
       Step     Time          Energy         fmax
MDMin:    0 19:17:28        4.276455        3.7501
MDMin:    1 19:17:28        4.267703        3.7316
       Step     Time          Energy         fmax
MDMin:    0 19:17:28        4.267703        3.7316
MDMin:    1 19:17:28        4.241825        3.6752
       Step     Time          Energy         fmax
MDMin:    0 19:17:28        4.241825        3.6752
MDMin:    1 19:17:28        4.200010        3.5788
       Step     Time          Energy         fmax
MDMin:    0 19:17:28        4.200010        3.5788
MDMin:    1 19:17:28        4.144286        3.4394
       Step     Time          Energy         fmax
MDMin:    0 19:17:28        4.144286        3.4394
MDMin:    1 19:17:28        4.077531        3.2540
       Step     Time          Energy         fmax
MDMin:    0 19:17:28        4.077531        3.2540
MDMin:    1 19:17:28        4.003424        3.0210
       Step     Time          Energy         fmax
MDMin:    0 19:17:28        4.003424        3.0210
MDMin:    1 19:17:28        3.926280        2.7411
       Step     Time          Energy         fmax
MDMin:    0 19:17:28        3.926280        2.7411
MDMin:    1 19:17:28        3.850743        2.4188
       Step     Time          Energy         fmax
MDMin:    0 19:17:28        3.850743        2.4188
MDMin:    1 19:17:28        3.781330        2.0629
       Step     Time          Energy         fmax
MDMin:    0 19:17:28        3.781330        2.0629
MDMin:    1 19:17:28        3.721883        1.6865
       Step     Time          Energy         fmax
MDMin:    0 19:17:28        3.721883        1.6865
MDMin:    1 19:17:28        3.675011        1.3068
       Step     Time          Energy         fmax
MDMin:    0 19:17:28        3.675011        1.3068
MDMin:    1 19:17:28        3.641641        0.9436
       Step     Time          Energy         fmax
MDMin:    0 19:17:28        3.641641        0.9436
MDMin:    1 19:17:28        3.620711        0.6193
       Step     Time          Energy         fmax
MDMin:    0 19:17:28        3.620711        0.6193
MDMin:    1 19:17:28        3.609032        0.3617
       Step     Time          Energy         fmax
MDMin:    0 19:17:28        3.609032        0.3617
MDMin:    1 19:17:28        3.601777        0.2053
       Step     Time          Energy         fmax
MDMin:    0 19:17:28        3.601777        0.2053
MDMin:    1 19:17:28        3.595552        0.1512
       Step     Time          Energy         fmax
MDMin:    0 19:17:28        3.595552        0.1512
MDMin:    1 19:17:28        3.590276        0.1167
       Step     Time          Energy         fmax
MDMin:    0 19:17:28        3.590276        0.1167
MDMin:    1 19:17:28        3.586396        0.0694
       Step     Time          Energy         fmax
MDMin:    0 19:17:28        3.586396        0.0694
MDMin:    1 19:17:28        3.584244        0.0312
Converged opt. in the predicted landscape.
Performing evaluation on the real landscape...
Single-point calculation finished.


+--------+------+---------------------+---------------------+---------------------+--------------+--------------+----------+
| Method | Step |        Time         | Pred. barrier (-->) | Pred. barrier (<--) | Max. uncert. | Avg. uncert. |   fmax   |
+--------+------+---------------------+---------------------+------------------+--------------+--------------+----------+
| ML-NEB |     0| 2023-06-12 19:17:28 |             0.000000|             0.000000|      0.000000|      0.000000|  0.008990|
| ML-NEB |     1| 2023-06-12 19:17:28 |             0.000000|             0.000000|      0.000000|      0.000000|  2.893326|
| ML-NEB |     2| 2023-06-12 19:17:28 |             0.942750|             0.942750|      0.529310|      0.235590|  2.898587|
| ML-NEB |     3| 2023-06-12 19:17:28 |             0.960160|             0.960160|      0.034400|      0.020130|  3.750100|
| ML-NEB |     4| 2023-06-12 19:17:28 |             0.000000|             0.000000|      0.235450|      0.118390|  1.626809|
| ML-NEB |     5| 2023-06-12 19:17:28 |             0.265150|             0.265140|      0.248580|      0.177030|  0.705974|
| ML-NEB |     6| 2023-06-12 19:17:28 |             0.269210|             0.269210|      0.227710|      0.113050|  0.767658|
| ML-NEB |     7| 2023-06-12 19:17:28 |             0.269930|             0.269920|      0.083200|      0.060990|  0.326380|
+--------+------+---------------------+---------------------+------------------+--------------+--------------+----------+


Training a Gaussian process...
Number of training points: 9
Optimized hyperparameters: [{'type': 'gaussian', 'width': [0.4444426878059225], 'dimension': 'single', 'bounds': ((0.1, 2.984787454769134),), 'scaling': 0.11869621025029393, 'scaling_bounds': ((0.11869621025029393, 0.11869621025029393),)}, {'type': 'noise_multi', 'hyperparameters': [0.005, 0.002], 'bounds': ((0.001, 0.005), (0.0005, 0.002))}]
Gaussian process trained.
Max number steps: 750
Using initial path.
Optimizing ML CI-NEB using dt: 0.025
       Step     Time          Energy         fmax
MDMin:    0 19:17:28        4.275885        3.7501
MDMin:    1 19:17:28        4.267133        3.7302
       Step     Time          Energy         fmax
MDMin:    0 19:17:28        4.267133        3.7302
MDMin:    1 19:17:28        4.241270        3.6698
       Step     Time          Energy         fmax
MDMin:    0 19:17:28        4.241270        3.6698
MDMin:    1 19:17:28        4.199504        3.5669
       Step     Time          Energy         fmax
MDMin:    0 19:17:28        4.199504        3.5669
MDMin:    1 19:17:28        4.143889        3.4190
       Step     Time          Energy         fmax
MDMin:    0 19:17:28        4.143889        3.4190
MDMin:    1 19:17:28        4.077329        3.2237
       Step     Time          Energy         fmax
MDMin:    0 19:17:28        4.077329        3.2237
MDMin:    1 19:17:28        4.003528        2.9800
       Step     Time          Energy         fmax
MDMin:    0 19:17:29        4.003528        2.9800
MDMin:    1 19:17:29        3.926825        2.6897
       Step     Time          Energy         fmax
MDMin:    0 19:17:29        3.926825        2.6897
MDMin:    1 19:17:29        3.851905        2.3583
       Step     Time          Energy         fmax
MDMin:    0 19:17:29        3.851905        2.3583
MDMin:    1 19:17:29        3.783364        1.9963
       Step     Time          Energy         fmax
MDMin:    0 19:17:29        3.783364        1.9963
MDMin:    1 19:17:29        3.725202        1.6186
       Step     Time          Energy         fmax
MDMin:    0 19:17:29        3.725202        1.6186
MDMin:    1 19:17:29        3.680264        1.2425
       Step     Time          Energy         fmax
MDMin:    0 19:17:29        3.680264        1.2425
MDMin:    1 19:17:29        3.649659        0.8866
       Step     Time          Energy         fmax
MDMin:    0 19:17:29        3.649659        0.8866
MDMin:    1 19:17:29        3.632307        0.5763
       Step     Time          Energy         fmax
MDMin:    0 19:17:29        3.632307        0.5763
MDMin:    1 19:17:29        3.624939        0.3512
       Step     Time          Energy         fmax
MDMin:    0 19:17:29        3.624939        0.3512
MDMin:    1 19:17:29        3.622725        0.2531
       Step     Time          Energy         fmax
MDMin:    0 19:17:29        3.622725        0.2531
MDMin:    1 19:17:29        3.622300        0.2333
       Step     Time          Energy         fmax
MDMin:    0 19:17:29        3.622300        0.2333
MDMin:    1 19:17:29        3.623280        0.2110
       Step     Time          Energy         fmax
MDMin:    0 19:17:29        3.623280        0.2110
MDMin:    1 19:17:29        3.625483        0.1873
       Step     Time          Energy         fmax
MDMin:    0 19:17:29        3.625483        0.1873
MDMin:    1 19:17:29        3.628440        0.1630
       Step     Time          Energy         fmax
MDMin:    0 19:17:29        3.628440        0.1630
MDMin:    1 19:17:29        3.631533        0.1398
       Step     Time          Energy         fmax
MDMin:    0 19:17:29        3.631533        0.1398
MDMin:    1 19:17:29        3.634301        0.1172
       Step     Time          Energy         fmax
MDMin:    0 19:17:29        3.634301        0.1172
MDMin:    1 19:17:29        3.636529        0.0957
       Step     Time          Energy         fmax
MDMin:    0 19:17:29        3.636529        0.0957
MDMin:    1 19:17:29        3.638185        0.0868
       Step     Time          Energy         fmax
MDMin:    0 19:17:29        3.638185        0.0868
MDMin:    1 19:17:29        3.639215        0.0913
       Step     Time          Energy         fmax
MDMin:    0 19:17:29        3.639215        0.0913
MDMin:    1 19:17:29        3.639493        0.0916
       Step     Time          Energy         fmax
MDMin:    0 19:17:29        3.639493        0.0916
MDMin:    1 19:17:29        3.639550        0.0753
       Step     Time          Energy         fmax
MDMin:    0 19:17:29        3.639550        0.0753
MDMin:    1 19:17:29        3.639612        0.0660
       Step     Time          Energy         fmax
MDMin:    0 19:17:29        3.639612        0.0660
MDMin:    1 19:17:29        3.639677        0.0613
       Step     Time          Energy         fmax
MDMin:    0 19:17:29        3.639677        0.0613
MDMin:    1 19:17:29        3.639741        0.0585
       Step     Time          Energy         fmax
MDMin:    0 19:17:29        3.639741        0.0585
MDMin:    1 19:17:29        3.639804        0.0565
       Step     Time          Energy         fmax
MDMin:    0 19:17:29        3.639804        0.0565
MDMin:    1 19:17:29        3.639865        0.0548
       Step     Time          Energy         fmax
MDMin:    0 19:17:29        3.639865        0.0548
MDMin:    1 19:17:29        3.639923        0.0534
       Step     Time          Energy         fmax
MDMin:    0 19:17:29        3.639923        0.0534
MDMin:    1 19:17:29        3.639979        0.0520
       Step     Time          Energy         fmax
MDMin:    0 19:17:29        3.639979        0.0520
MDMin:    1 19:17:29        3.640033        0.0505
       Step     Time          Energy         fmax
MDMin:    0 19:17:29        3.640033        0.0505
MDMin:    1 19:17:29        3.640084        0.0489
       Step     Time          Energy         fmax
MDMin:    0 19:17:29        3.640084        0.0489
MDMin:    1 19:17:29        3.640132        0.0473
       Step     Time          Energy         fmax
MDMin:    0 19:17:29        3.640132        0.0473
MDMin:    1 19:17:29        3.640177        0.0456
       Step     Time          Energy         fmax
MDMin:    0 19:17:30        3.640177        0.0456
MDMin:    1 19:17:30        3.640219        0.0439
       Step     Time          Energy         fmax
MDMin:    0 19:17:30        3.640219        0.0439
MDMin:    1 19:17:30        3.640259        0.0421
Converged opt. in the predicted landscape.
Performing evaluation on the real landscape...
Single-point calculation finished.


+--------+------+---------------------+---------------------+---------------------+--------------+--------------+----------+
| Method | Step |        Time         | Pred. barrier (-->) | Pred. barrier (<--) | Max. uncert. | Avg. uncert. |   fmax   |
+--------+------+---------------------+---------------------+------------------+--------------+--------------+----------+
| ML-NEB |     0| 2023-06-12 19:17:30 |             0.000000|             0.000000|      0.000000|      0.000000|  0.008990|
| ML-NEB |     1| 2023-06-12 19:17:30 |             0.000000|             0.000000|      0.000000|      0.000000|  2.893326|
| ML-NEB |     2| 2023-06-12 19:17:30 |             0.942750|             0.942750|      0.529310|      0.235590|  2.898587|
| ML-NEB |     3| 2023-06-12 19:17:30 |             0.960160|             0.960160|      0.034400|      0.020130|  3.750100|
| ML-NEB |     4| 2023-06-12 19:17:30 |             0.000000|             0.000000|      0.235450|      0.118390|  1.626809|
| ML-NEB |     5| 2023-06-12 19:17:30 |             0.265150|             0.265140|      0.248580|      0.177030|  0.705974|
| ML-NEB |     6| 2023-06-12 19:17:30 |             0.269210|             0.269210|      0.227710|      0.113050|  0.767658|
| ML-NEB |     7| 2023-06-12 19:17:30 |             0.269930|             0.269920|      0.083200|      0.060990|  0.326380|
| ML-NEB |     8| 2023-06-12 19:17:30 |             0.325940|             0.325940|      0.085070|      0.046220|  0.253487|
+--------+------+---------------------+---------------------+------------------+--------------+--------------+----------+


Training a Gaussian process...
Number of training points: 10
Optimized hyperparameters: [{'type': 'gaussian', 'width': [0.4177841799077208], 'dimension': 'single', 'bounds': ((0.1, 2.9942287562137233),), 'scaling': 0.10745378725119188, 'scaling_bounds': ((0.10745378725119188, 0.10745378725119188),)}, {'type': 'noise_multi', 'hyperparameters': [0.005, 0.002], 'bounds': ((0.001, 0.005), (0.0005, 0.002))}]
Gaussian process trained.
Max number steps: 750
Using initial path.
Optimizing ML CI-NEB using dt: 0.025
       Step     Time          Energy         fmax
MDMin:    0 19:17:30        4.276444        3.7500
MDMin:    1 19:17:30        4.267693        3.7284
       Step     Time          Energy         fmax
MDMin:    0 19:17:30        4.267693        3.7284
MDMin:    1 19:17:30        4.241840        3.6628
       Step     Time          Energy         fmax
MDMin:    0 19:17:30        4.241840        3.6628
MDMin:    1 19:17:30        4.200104        3.5513
       Step     Time          Energy         fmax
MDMin:    0 19:17:30        4.200104        3.5513
MDMin:    1 19:17:30        4.144553        3.3918
       Step     Time          Energy         fmax
MDMin:    0 19:17:30        4.144553        3.3918
MDMin:    1 19:17:30        4.078112        3.1822
       Step     Time          Energy         fmax
MDMin:    0 19:17:30        4.078112        3.1822
MDMin:    1 19:17:30        4.004513        2.9221
       Step     Time          Energy         fmax
MDMin:    0 19:17:30        4.004513        2.9221
MDMin:    1 19:17:30        3.928133        2.6141
       Step     Time          Energy         fmax
MDMin:    0 19:17:30        3.928133        2.6141
MDMin:    1 19:17:30        3.853689        2.2645
       Step     Time          Energy         fmax
MDMin:    0 19:17:30        3.853689        2.2645
MDMin:    1 19:17:30        3.785801        1.8839
       Step     Time          Energy         fmax
MDMin:    0 19:17:30        3.785801        1.8839
MDMin:    1 19:17:30        3.728455        1.4871
       Step     Time          Energy         fmax
MDMin:    0 19:17:30        3.728455        1.4871
MDMin:    1 19:17:30        3.684476        1.0925
       Step     Time          Energy         fmax
MDMin:    0 19:17:30        3.684476        1.0925
MDMin:    1 19:17:30        3.655082        0.7215
       Step     Time          Energy         fmax
MDMin:    0 19:17:30        3.655082        0.7215
MDMin:    1 19:17:30        3.639543        0.4019
       Step     Time          Energy         fmax
MDMin:    0 19:17:30        3.639543        0.4019
MDMin:    1 19:17:30        3.634719        0.2072
       Step     Time          Energy         fmax
MDMin:    0 19:17:30        3.634719        0.2072
MDMin:    1 19:17:30        3.634634        0.1521
       Step     Time          Energy         fmax
MDMin:    0 19:17:30        3.634634        0.1521
MDMin:    1 19:17:30        3.635200        0.1408
       Step     Time          Energy         fmax
MDMin:    0 19:17:30        3.635200        0.1408
MDMin:    1 19:17:30        3.636356        0.1385
       Step     Time          Energy         fmax
MDMin:    0 19:17:30        3.636356        0.1385
MDMin:    1 19:17:30        3.638208        0.1449
       Step     Time          Energy         fmax
MDMin:    0 19:17:30        3.638208        0.1449
MDMin:    1 19:17:30        3.640679        0.1463
       Step     Time          Energy         fmax
MDMin:    0 19:17:30        3.640679        0.1463
MDMin:    1 19:17:30        3.643447        0.1474
       Step     Time          Energy         fmax
MDMin:    0 19:17:30        3.643447        0.1474
MDMin:    1 19:17:30        3.646202        0.1461
       Step     Time          Energy         fmax
MDMin:    0 19:17:30        3.646202        0.1461
MDMin:    1 19:17:30        3.648380        0.1360
       Step     Time          Energy         fmax
MDMin:    0 19:17:30        3.648380        0.1360
MDMin:    1 19:17:30        3.649828        0.1295
       Step     Time          Energy         fmax
MDMin:    0 19:17:30        3.649828        0.1295
MDMin:    1 19:17:31        3.650679        0.1111
       Step     Time          Energy         fmax
MDMin:    0 19:17:31        3.650679        0.1111
MDMin:    1 19:17:31        3.651455        0.1026
       Step     Time          Energy         fmax
MDMin:    0 19:17:31        3.651455        0.1026
MDMin:    1 19:17:31        3.652113        0.0920
       Step     Time          Energy         fmax
MDMin:    0 19:17:31        3.652113        0.0920
MDMin:    1 19:17:31        3.652662        0.0820
       Step     Time          Energy         fmax
MDMin:    0 19:17:31        3.652662        0.0820
MDMin:    1 19:17:31        3.653097        0.0721
       Step     Time          Energy         fmax
MDMin:    0 19:17:31        3.653097        0.0721
MDMin:    1 19:17:31        3.653422        0.0682
       Step     Time          Energy         fmax
MDMin:    0 19:17:31        3.653422        0.0682
MDMin:    1 19:17:31        3.653644        0.0635
       Step     Time          Energy         fmax
MDMin:    0 19:17:31        3.653644        0.0635
MDMin:    1 19:17:31        3.653769        0.0579
       Step     Time          Energy         fmax
MDMin:    0 19:17:31        3.653769        0.0579
MDMin:    1 19:17:31        3.653808        0.0515
       Step     Time          Energy         fmax
MDMin:    0 19:17:31        3.653808        0.0515
MDMin:    1 19:17:31        3.653772        0.0444
       Step     Time          Energy         fmax
MDMin:    0 19:17:31        3.653772        0.0444
MDMin:    1 19:17:31        3.653667        0.0367
Converged opt. in the predicted landscape.
Performing evaluation on the real landscape...
Single-point calculation finished.


+--------+------+---------------------+---------------------+---------------------+--------------+--------------+----------+
| Method | Step |        Time         | Pred. barrier (-->) | Pred. barrier (<--) | Max. uncert. | Avg. uncert. |   fmax   |
+--------+------+---------------------+---------------------+------------------+--------------+--------------+----------+
| ML-NEB |     0| 2023-06-12 19:17:31 |             0.000000|             0.000000|      0.000000|      0.000000|  0.008990|
| ML-NEB |     1| 2023-06-12 19:17:31 |             0.000000|             0.000000|      0.000000|      0.000000|  2.893326|
| ML-NEB |     2| 2023-06-12 19:17:31 |             0.942750|             0.942750|      0.529310|      0.235590|  2.898587|
| ML-NEB |     3| 2023-06-12 19:17:31 |             0.960160|             0.960160|      0.034400|      0.020130|  3.750100|
| ML-NEB |     4| 2023-06-12 19:17:31 |             0.000000|             0.000000|      0.235450|      0.118390|  1.626809|
| ML-NEB |     5| 2023-06-12 19:17:31 |             0.265150|             0.265140|      0.248580|      0.177030|  0.705974|
| ML-NEB |     6| 2023-06-12 19:17:31 |             0.269210|             0.269210|      0.227710|      0.113050|  0.767658|
| ML-NEB |     7| 2023-06-12 19:17:31 |             0.269930|             0.269920|      0.083200|      0.060990|  0.326380|
| ML-NEB |     8| 2023-06-12 19:17:31 |             0.325940|             0.325940|      0.085070|      0.046220|  0.253487|
| ML-NEB |     9| 2023-06-12 19:17:31 |             0.339350|             0.339350|      0.048350|      0.034500|  0.167349|
+--------+------+---------------------+---------------------+------------------+--------------+--------------+----------+


Training a Gaussian process...
Number of training points: 11
Optimized hyperparameters: [{'type': 'gaussian', 'width': [0.41239817744354623], 'dimension': 'single', 'bounds': ((0.1, 2.9797467935223776),), 'scaling': 0.0979506599297586, 'scaling_bounds': ((0.0979506599297586, 0.0979506599297586),)}, {'type': 'noise_multi', 'hyperparameters': [0.005, 0.002], 'bounds': ((0.001, 0.005), (0.0005, 0.002))}]
Gaussian process trained.
Max number steps: 750
Using initial path.
Optimizing ML CI-NEB using dt: 0.025
       Step     Time          Energy         fmax
MDMin:    0 19:17:31        4.279693        3.7500
MDMin:    1 19:17:31        4.270944        3.7251
       Step     Time          Energy         fmax
MDMin:    0 19:17:31        4.270944        3.7251
MDMin:    1 19:17:31        4.245132        3.6502
       Step     Time          Energy         fmax
MDMin:    0 19:17:31        4.245132        3.6502
MDMin:    1 19:17:31        4.203582        3.5239
       Step     Time          Energy         fmax
MDMin:    0 19:17:31        4.203582        3.5239
MDMin:    1 19:17:31        4.148509        3.3453
       Step     Time          Energy         fmax
MDMin:    0 19:17:31        4.148509        3.3453
MDMin:    1 19:17:31        4.082983        3.1142
       Step     Time          Energy         fmax
MDMin:    0 19:17:31        4.082983        3.1142
MDMin:    1 19:17:31        4.010813        2.8326
       Step     Time          Energy         fmax
MDMin:    0 19:17:31        4.010813        2.8326
MDMin:    1 19:17:31        3.936331        2.5054
       Step     Time          Energy         fmax
MDMin:    0 19:17:31        3.936331        2.5054
MDMin:    1 19:17:31        3.864049        2.1415
       Step     Time          Energy         fmax
MDMin:    0 19:17:31        3.864049        2.1415
MDMin:    1 19:17:31        3.798231        1.7534
       Step     Time          Energy         fmax
MDMin:    0 19:17:31        3.798231        1.7534
MDMin:    1 19:17:31        3.742433        1.3571
       Step     Time          Energy         fmax
MDMin:    0 19:17:31        3.742433        1.3571
MDMin:    1 19:17:31        3.699087        0.9710
       Step     Time          Energy         fmax
MDMin:    0 19:17:31        3.699087        0.9710
MDMin:    1 19:17:31        3.669188        0.6176
       Step     Time          Energy         fmax
MDMin:    0 19:17:31        3.669188        0.6176
MDMin:    1 19:17:31        3.652040        0.3347
       Step     Time          Energy         fmax
MDMin:    0 19:17:31        3.652040        0.3347
MDMin:    1 19:17:31        3.644841        0.2143
       Step     Time          Energy         fmax
MDMin:    0 19:17:31        3.644841        0.2143
MDMin:    1 19:17:31        3.642399        0.2376
       Step     Time          Energy         fmax
MDMin:    0 19:17:32        3.642399        0.2376
MDMin:    1 19:17:32        3.641101        0.2439
       Step     Time          Energy         fmax
MDMin:    0 19:17:32        3.641101        0.2439
MDMin:    1 19:17:32        3.640830        0.2478
       Step     Time          Energy         fmax
MDMin:    0 19:17:32        3.640830        0.2478
MDMin:    1 19:17:32        3.641590        0.2418
       Step     Time          Energy         fmax
MDMin:    0 19:17:32        3.641590        0.2418
MDMin:    1 19:17:32        3.643103        0.2285
       Step     Time          Energy         fmax
MDMin:    0 19:17:32        3.643103        0.2285
MDMin:    1 19:17:32        3.644931        0.2059
       Step     Time          Energy         fmax
MDMin:    0 19:17:32        3.644931        0.2059
MDMin:    1 19:17:32        3.646679        0.1792
       Step     Time          Energy         fmax
MDMin:    0 19:17:32        3.646679        0.1792
MDMin:    1 19:17:32        3.648112        0.1470
       Step     Time          Energy         fmax
MDMin:    0 19:17:32        3.648112        0.1470
MDMin:    1 19:17:32        3.649205        0.1205
       Step     Time          Energy         fmax
MDMin:    0 19:17:32        3.649205        0.1205
MDMin:    1 19:17:32        3.650036        0.0885
       Step     Time          Energy         fmax
MDMin:    0 19:17:32        3.650036        0.0885
MDMin:    1 19:17:32        3.650714        0.0823
       Step     Time          Energy         fmax
MDMin:    0 19:17:32        3.650714        0.0823
MDMin:    1 19:17:32        3.651313        0.0823
       Step     Time          Energy         fmax
MDMin:    0 19:17:32        3.651313        0.0823
MDMin:    1 19:17:32        3.651901        0.1125
       Step     Time          Energy         fmax
MDMin:    0 19:17:32        3.651901        0.1125
MDMin:    1 19:17:32        3.651576        0.0667
       Step     Time          Energy         fmax
MDMin:    0 19:17:32        3.651576        0.0667
MDMin:    1 19:17:32        3.651654        0.0645
       Step     Time          Energy         fmax
MDMin:    0 19:17:32        3.651654        0.0645
MDMin:    1 19:17:32        3.651727        0.0614
       Step     Time          Energy         fmax
MDMin:    0 19:17:32        3.651727        0.0614
MDMin:    1 19:17:32        3.651794        0.0583
       Step     Time          Energy         fmax
MDMin:    0 19:17:32        3.651794        0.0583
MDMin:    1 19:17:32        3.651855        0.0548
       Step     Time          Energy         fmax
MDMin:    0 19:17:32        3.651855        0.0548
MDMin:    1 19:17:32        3.651911        0.0512
       Step     Time          Energy         fmax
MDMin:    0 19:17:32        3.651911        0.0512
MDMin:    1 19:17:32        3.651960        0.0473
       Step     Time          Energy         fmax
MDMin:    0 19:17:32        3.651960        0.0473
MDMin:    1 19:17:32        3.652003        0.0432
       Step     Time          Energy         fmax
MDMin:    0 19:17:32        3.652003        0.0432
MDMin:    1 19:17:32        3.652041        0.0388
Converged opt. in the predicted landscape.
Performing evaluation on the real landscape...
Single-point calculation finished.


+--------+------+---------------------+---------------------+---------------------+--------------+--------------+----------+
| Method | Step |        Time         | Pred. barrier (-->) | Pred. barrier (<--) | Max. uncert. | Avg. uncert. |   fmax   |
+--------+------+---------------------+---------------------+------------------+--------------+--------------+----------+
| ML-NEB |     0| 2023-06-12 19:17:32 |             0.000000|             0.000000|      0.000000|      0.000000|  0.008990|
| ML-NEB |     1| 2023-06-12 19:17:32 |             0.000000|             0.000000|      0.000000|      0.000000|  2.893326|
| ML-NEB |     2| 2023-06-12 19:17:32 |             0.942750|             0.942750|      0.529310|      0.235590|  2.898587|
| ML-NEB |     3| 2023-06-12 19:17:32 |             0.960160|             0.960160|      0.034400|      0.020130|  3.750100|
| ML-NEB |     4| 2023-06-12 19:17:32 |             0.000000|             0.000000|      0.235450|      0.118390|  1.626809|
| ML-NEB |     5| 2023-06-12 19:17:32 |             0.265150|             0.265140|      0.248580|      0.177030|  0.705974|
| ML-NEB |     6| 2023-06-12 19:17:32 |             0.269210|             0.269210|      0.227710|      0.113050|  0.767658|
| ML-NEB |     7| 2023-06-12 19:17:32 |             0.269930|             0.269920|      0.083200|      0.060990|  0.326380|
| ML-NEB |     8| 2023-06-12 19:17:32 |             0.325940|             0.325940|      0.085070|      0.046220|  0.253487|
| ML-NEB |     9| 2023-06-12 19:17:32 |             0.339350|             0.339350|      0.048350|      0.034500|  0.167349|
| ML-NEB |    10| 2023-06-12 19:17:32 |             0.337720|             0.337720|      0.150230|      0.064500|  0.591164|
+--------+------+---------------------+---------------------+------------------+--------------+--------------+----------+


Training a Gaussian process...
Number of training points: 12
Optimized hyperparameters: [{'type': 'gaussian', 'width': [0.4029335282205316], 'dimension': 'single', 'bounds': ((0.1, 3.087286462516272),), 'scaling': 0.09122425035329772, 'scaling_bounds': ((0.09122425035329772, 0.09122425035329772),)}, {'type': 'noise_multi', 'hyperparameters': [0.005, 0.002], 'bounds': ((0.001, 0.005), (0.0005, 0.002))}]
Gaussian process trained.
Max number steps: 750
Using initial path.
Optimizing ML CI-NEB using dt: 0.025
       Step     Time          Energy         fmax
MDMin:    0 19:17:32        4.280577        3.7500
MDMin:    1 19:17:32        4.271829        3.7253
       Step     Time          Energy         fmax
MDMin:    0 19:17:32        4.271829        3.7253
MDMin:    1 19:17:33        4.246024        3.6510
       Step     Time          Energy         fmax
MDMin:    0 19:17:33        4.246024        3.6510
MDMin:    1 19:17:33        4.204510        3.5258
       Step     Time          Energy         fmax
MDMin:    0 19:17:33        4.204510        3.5258
MDMin:    1 19:17:33        4.149542        3.3486
       Step     Time          Energy         fmax
MDMin:    0 19:17:33        4.149542        3.3486
MDMin:    1 19:17:33        4.084242        3.1193
       Step     Time          Energy         fmax
MDMin:    0 19:17:33        4.084242        3.1193
MDMin:    1 19:17:33        4.012491        2.8401
       Step     Time          Energy         fmax
MDMin:    0 19:17:33        4.012491        2.8401
MDMin:    1 19:17:33        3.938692        2.5164
       Step     Time          Energy         fmax
MDMin:    0 19:17:33        3.938692        2.5164
MDMin:    1 19:17:33        3.867427        2.1574
       Step     Time          Energy         fmax
MDMin:    0 19:17:33        3.867427        2.1574
MDMin:    1 19:17:33        3.803015        1.7767
       Step     Time          Energy         fmax
MDMin:    0 19:17:33        3.803015        1.7767
MDMin:    1 19:17:33        3.749043        1.3912
       Step     Time          Energy         fmax
MDMin:    0 19:17:33        3.749043        1.3912
MDMin:    1 19:17:33        3.707969        1.0209
       Step     Time          Energy         fmax
MDMin:    0 19:17:33        3.707969        1.0209
MDMin:    1 19:17:33        3.680856        0.6909
       Step     Time          Energy         fmax
MDMin:    0 19:17:33        3.680856        0.6909
MDMin:    1 19:17:33        3.667237        0.4381
       Step     Time          Energy         fmax
MDMin:    0 19:17:33        3.667237        0.4381
MDMin:    1 19:17:33        3.664882        0.3149
       Step     Time          Energy         fmax
MDMin:    0 19:17:33        3.664882        0.3149
MDMin:    1 19:17:33        3.669029        0.2892
       Step     Time          Energy         fmax
MDMin:    0 19:17:33        3.669029        0.2892
MDMin:    1 19:17:33        3.674113        0.2605
       Step     Time          Energy         fmax
MDMin:    0 19:17:33        3.674113        0.2605
MDMin:    1 19:17:33        3.678508        0.2161
       Step     Time          Energy         fmax
MDMin:    0 19:17:33        3.678508        0.2161
MDMin:    1 19:17:33        3.681272        0.1607
       Step     Time          Energy         fmax
MDMin:    0 19:17:33        3.681272        0.1607
MDMin:    1 19:17:33        3.682013        0.1025
       Step     Time          Energy         fmax
MDMin:    0 19:17:33        3.682013        0.1025
MDMin:    1 19:17:33        3.681085        0.0824
       Step     Time          Energy         fmax
MDMin:    0 19:17:33        3.681085        0.0824
MDMin:    1 19:17:33        3.679438        0.0623
       Step     Time          Energy         fmax
MDMin:    0 19:17:33        3.679438        0.0623
MDMin:    1 19:17:33        3.678122        0.0462
       Step     Time          Energy         fmax
MDMin:    0 19:17:33        3.678122        0.0462
MDMin:    1 19:17:33        3.677667        0.0390
Converged opt. in the predicted landscape.
Performing evaluation on the real landscape...
Single-point calculation finished.


+--------+------+---------------------+---------------------+---------------------+--------------+--------------+----------+
| Method | Step |        Time         | Pred. barrier (-->) | Pred. barrier (<--) | Max. uncert. | Avg. uncert. |   fmax   |
+--------+------+---------------------+---------------------+------------------+--------------+--------------+----------+
| ML-NEB |     0| 2023-06-12 19:17:33 |             0.000000|             0.000000|      0.000000|      0.000000|  0.008990|
| ML-NEB |     1| 2023-06-12 19:17:33 |             0.000000|             0.000000|      0.000000|      0.000000|  2.893326|
| ML-NEB |     2| 2023-06-12 19:17:33 |             0.942750|             0.942750|      0.529310|      0.235590|  2.898587|
| ML-NEB |     3| 2023-06-12 19:17:33 |             0.960160|             0.960160|      0.034400|      0.020130|  3.750100|
| ML-NEB |     4| 2023-06-12 19:17:33 |             0.000000|             0.000000|      0.235450|      0.118390|  1.626809|
| ML-NEB |     5| 2023-06-12 19:17:33 |             0.265150|             0.265140|      0.248580|      0.177030|  0.705974|
| ML-NEB |     6| 2023-06-12 19:17:33 |             0.269210|             0.269210|      0.227710|      0.113050|  0.767658|
| ML-NEB |     7| 2023-06-12 19:17:33 |             0.269930|             0.269920|      0.083200|      0.060990|  0.326380|
| ML-NEB |     8| 2023-06-12 19:17:33 |             0.325940|             0.325940|      0.085070|      0.046220|  0.253487|
| ML-NEB |     9| 2023-06-12 19:17:33 |             0.339350|             0.339350|      0.048350|      0.034500|  0.167349|
| ML-NEB |    10| 2023-06-12 19:17:33 |             0.337720|             0.337720|      0.150230|      0.064500|  0.591164|
| ML-NEB |    11| 2023-06-12 19:17:33 |             0.363350|             0.363350|      0.048130|      0.030570|  0.113755|
+--------+------+---------------------+---------------------+------------------+--------------+--------------+----------+


Training a Gaussian process...
Number of training points: 13
Optimized hyperparameters: [{'type': 'gaussian', 'width': [0.3852422893035379], 'dimension': 'single', 'bounds': ((0.1, 2.9769286118393987),), 'scaling': 0.08440169880308157, 'scaling_bounds': ((0.08440169880308157, 0.08440169880308157),)}, {'type': 'noise_multi', 'hyperparameters': [0.001, 0.002], 'bounds': ((0.001, 0.005), (0.0005, 0.002))}]
Gaussian process trained.
Max number steps: 750
Using initial path.
Optimizing ML CI-NEB using dt: 0.025
       Step     Time          Energy         fmax
MDMin:    0 19:17:33        4.275491        3.7499
MDMin:    1 19:17:33        4.266746        3.7226
       Step     Time          Energy         fmax
MDMin:    0 19:17:33        4.266746        3.7226
MDMin:    1 19:17:33        4.240994        3.6401
       Step     Time          Energy         fmax
MDMin:    0 19:17:33        4.240994        3.6401
MDMin:    1 19:17:33        4.199712        3.5021
       Step     Time          Energy         fmax
MDMin:    0 19:17:33        4.199712        3.5021
MDMin:    1 19:17:33        4.145344        3.3086
       Step     Time          Energy         fmax
MDMin:    0 19:17:34        4.145344        3.3086
MDMin:    1 19:17:34        4.081206        3.0613
       Step     Time          Energy         fmax
MDMin:    0 19:17:34        4.081206        3.0613
MDMin:    1 19:17:34        4.011299        2.7645
       Step     Time          Energy         fmax
MDMin:    0 19:17:34        4.011299        2.7645
MDMin:    1 19:17:34        3.940006        2.4261
       Step     Time          Energy         fmax
MDMin:    0 19:17:34        3.940006        2.4261
MDMin:    1 19:17:34        3.871690        2.0579
       Step     Time          Energy         fmax
MDMin:    0 19:17:34        3.871690        2.0579
MDMin:    1 19:17:34        3.810247        1.6747
       Step     Time          Energy         fmax
MDMin:    0 19:17:34        3.810247        1.6747
MDMin:    1 19:17:34        3.758702        1.2937
       Step     Time          Energy         fmax
MDMin:    0 19:17:34        3.758702        1.2937
MDMin:    1 19:17:34        3.718927        0.9334
       Step     Time          Energy         fmax
MDMin:    0 19:17:34        3.718927        0.9334
MDMin:    1 19:17:34        3.691517        0.6159
       Step     Time          Energy         fmax
MDMin:    0 19:17:34        3.691517        0.6159
MDMin:    1 19:17:34        3.675739        0.3771
       Step     Time          Energy         fmax
MDMin:    0 19:17:34        3.675739        0.3771
MDMin:    1 19:17:34        3.669352        0.2785
       Step     Time          Energy         fmax
MDMin:    0 19:17:34        3.669352        0.2785
MDMin:    1 19:17:34        3.668305        0.2833
       Step     Time          Energy         fmax
MDMin:    0 19:17:34        3.668305        0.2833
MDMin:    1 19:17:34        3.669071        0.2768
       Step     Time          Energy         fmax
MDMin:    0 19:17:34        3.669071        0.2768
MDMin:    1 19:17:34        3.671190        0.2608
       Step     Time          Energy         fmax
MDMin:    0 19:17:34        3.671190        0.2608
MDMin:    1 19:17:34        3.674441        0.2351
       Step     Time          Energy         fmax
MDMin:    0 19:17:34        3.674441        0.2351
MDMin:    1 19:17:34        3.678219        0.2004
       Step     Time          Energy         fmax
MDMin:    0 19:17:34        3.678219        0.2004
MDMin:    1 19:17:34        3.681758        0.1593
       Step     Time          Energy         fmax
MDMin:    0 19:17:34        3.681758        0.1593
MDMin:    1 19:17:34        3.684368        0.1157
       Step     Time          Energy         fmax
MDMin:    0 19:17:34        3.684368        0.1157
MDMin:    1 19:17:34        3.685743        0.0917
       Step     Time          Energy         fmax
MDMin:    0 19:17:34        3.685743        0.0917
MDMin:    1 19:17:34        3.686125        0.0825
       Step     Time          Energy         fmax
MDMin:    0 19:17:34        3.686125        0.0825
MDMin:    1 19:17:34        3.685995        0.0837
       Step     Time          Energy         fmax
MDMin:    0 19:17:34        3.685995        0.0837
MDMin:    1 19:17:34        3.685710        0.0788
       Step     Time          Energy         fmax
MDMin:    0 19:17:34        3.685710        0.0788
MDMin:    1 19:17:34        3.685443        0.0677
       Step     Time          Energy         fmax
MDMin:    0 19:17:34        3.685443        0.0677
MDMin:    1 19:17:34        3.685257        0.0503
       Step     Time          Energy         fmax
MDMin:    0 19:17:34        3.685257        0.0503
MDMin:    1 19:17:34        3.685169        0.0687
       Step     Time          Energy         fmax
MDMin:    0 19:17:34        3.685169        0.0687
MDMin:    1 19:17:34        3.685154        0.0521
       Step     Time          Energy         fmax
MDMin:    0 19:17:34        3.685154        0.0521
MDMin:    1 19:17:34        3.685154        0.0517
       Step     Time          Energy         fmax
MDMin:    0 19:17:34        3.685154        0.0517
MDMin:    1 19:17:34        3.685153        0.0508
       Step     Time          Energy         fmax
MDMin:    0 19:17:34        3.685153        0.0508
MDMin:    1 19:17:34        3.685153        0.0494
       Step     Time          Energy         fmax
MDMin:    0 19:17:34        3.685153        0.0494
MDMin:    1 19:17:34        3.685153        0.0475
       Step     Time          Energy         fmax
MDMin:    0 19:17:34        3.685153        0.0475
MDMin:    1 19:17:34        3.685152        0.0452
       Step     Time          Energy         fmax
MDMin:    0 19:17:34        3.685152        0.0452
MDMin:    1 19:17:35        3.685151        0.0425
Converged opt. in the predicted landscape.
Performing evaluation on the real landscape...
Single-point calculation finished.


+--------+------+---------------------+---------------------+---------------------+--------------+--------------+----------+
| Method | Step |        Time         | Pred. barrier (-->) | Pred. barrier (<--) | Max. uncert. | Avg. uncert. |   fmax   |
+--------+------+---------------------+---------------------+------------------+--------------+--------------+----------+
| ML-NEB |     0| 2023-06-12 19:17:35 |             0.000000|             0.000000|      0.000000|      0.000000|  0.008990|
| ML-NEB |     1| 2023-06-12 19:17:35 |             0.000000|             0.000000|      0.000000|      0.000000|  2.893326|
| ML-NEB |     2| 2023-06-12 19:17:35 |             0.942750|             0.942750|      0.529310|      0.235590|  2.898587|
| ML-NEB |     3| 2023-06-12 19:17:35 |             0.960160|             0.960160|      0.034400|      0.020130|  3.750100|
| ML-NEB |     4| 2023-06-12 19:17:35 |             0.000000|             0.000000|      0.235450|      0.118390|  1.626809|
| ML-NEB |     5| 2023-06-12 19:17:35 |             0.265150|             0.265140|      0.248580|      0.177030|  0.705974|
| ML-NEB |     6| 2023-06-12 19:17:35 |             0.269210|             0.269210|      0.227710|      0.113050|  0.767658|
| ML-NEB |     7| 2023-06-12 19:17:35 |             0.269930|             0.269920|      0.083200|      0.060990|  0.326380|
| ML-NEB |     8| 2023-06-12 19:17:35 |             0.325940|             0.325940|      0.085070|      0.046220|  0.253487|
| ML-NEB |     9| 2023-06-12 19:17:35 |             0.339350|             0.339350|      0.048350|      0.034500|  0.167349|
| ML-NEB |    10| 2023-06-12 19:17:35 |             0.337720|             0.337720|      0.150230|      0.064500|  0.591164|
| ML-NEB |    11| 2023-06-12 19:17:35 |             0.363350|             0.363350|      0.048130|      0.030570|  0.113755|
| ML-NEB |    12| 2023-06-12 19:17:35 |             0.370830|             0.370830|      0.134130|      0.051690|  0.570595|
+--------+------+---------------------+---------------------+------------------+--------------+--------------+----------+


Training a Gaussian process...
Number of training points: 14
Optimized hyperparameters: [{'type': 'gaussian', 'width': [0.3878570178023783], 'dimension': 'single', 'bounds': ((0.1, 3.0322757743385367),), 'scaling': 0.07878143821942954, 'scaling_bounds': ((0.07878143821942954, 0.07878143821942954),)}, {'type': 'noise_multi', 'hyperparameters': [0.005, 0.002], 'bounds': ((0.001, 0.005), (0.0005, 0.002))}]
Gaussian process trained.
Max number steps: 750
Using initial path.
Optimizing ML CI-NEB using dt: 0.025
       Step     Time          Energy         fmax
MDMin:    0 19:17:35        4.284803        3.7499
MDMin:    1 19:17:35        4.276059        3.7225
       Step     Time          Energy         fmax
MDMin:    0 19:17:35        4.276059        3.7225
MDMin:    1 19:17:35        4.250337        3.6403
       Step     Time          Energy         fmax
MDMin:    0 19:17:35        4.250337        3.6403
MDMin:    1 19:17:35        4.209191        3.5029
       Step     Time          Energy         fmax
MDMin:    0 19:17:35        4.209191        3.5029
MDMin:    1 19:17:35        4.155177        3.3108
       Step     Time          Energy         fmax
MDMin:    0 19:17:35        4.155177        3.3108
MDMin:    1 19:17:35        4.091733        3.0662
       Step     Time          Energy         fmax
MDMin:    0 19:17:35        4.091733        3.0662
MDMin:    1 19:17:35        4.022949        2.7741
       Step     Time          Energy         fmax
MDMin:    0 19:17:35        4.022949        2.7741
MDMin:    1 19:17:35        3.953235        2.4426
       Step     Time          Energy         fmax
MDMin:    0 19:17:35        3.953235        2.4426
MDMin:    1 19:17:35        3.886885        2.0836
       Step     Time          Energy         fmax
MDMin:    0 19:17:35        3.886885        2.0836
MDMin:    1 19:17:35        3.827620        1.7114
       Step     Time          Energy         fmax
MDMin:    0 19:17:35        3.827620        1.7114
MDMin:    1 19:17:35        3.778201        1.3416
       Step     Time          Energy         fmax
MDMin:    0 19:17:35        3.778201        1.3416
MDMin:    1 19:17:35        3.740183        0.9895
       Step     Time          Energy         fmax
MDMin:    0 19:17:35        3.740183        0.9895
MDMin:    1 19:17:35        3.713840        0.6691
       Step     Time          Energy         fmax
MDMin:    0 19:17:35        3.713840        0.6691
MDMin:    1 19:17:35        3.698191        0.3946
       Step     Time          Energy         fmax
MDMin:    0 19:17:35        3.698191        0.3946
MDMin:    1 19:17:35        3.690962        0.1867
       Step     Time          Energy         fmax
MDMin:    0 19:17:35        3.690962        0.1867
MDMin:    1 19:17:35        3.688477        0.1552
       Step     Time          Energy         fmax
MDMin:    0 19:17:35        3.688477        0.1552
MDMin:    1 19:17:35        3.687414        0.1145
       Step     Time          Energy         fmax
MDMin:    0 19:17:35        3.687414        0.1145
MDMin:    1 19:17:35        3.687066        0.0703
       Step     Time          Energy         fmax
MDMin:    0 19:17:35        3.687066        0.0703
MDMin:    1 19:17:35        3.687239        0.0431
       Step     Time          Energy         fmax
MDMin:    0 19:17:35        3.687239        0.0431
MDMin:    1 19:17:35        3.687476        0.0298
Converged opt. in the predicted landscape.
Performing evaluation on the real landscape...
Single-point calculation finished.


+--------+------+---------------------+---------------------+---------------------+--------------+--------------+----------+
| Method | Step |        Time         | Pred. barrier (-->) | Pred. barrier (<--) | Max. uncert. | Avg. uncert. |   fmax   |
+--------+------+---------------------+---------------------+------------------+--------------+--------------+----------+
| ML-NEB |     0| 2023-06-12 19:17:35 |             0.000000|             0.000000|      0.000000|      0.000000|  0.008990|
| ML-NEB |     1| 2023-06-12 19:17:35 |             0.000000|             0.000000|      0.000000|      0.000000|  2.893326|
| ML-NEB |     2| 2023-06-12 19:17:35 |             0.942750|             0.942750|      0.529310|      0.235590|  2.898587|
| ML-NEB |     3| 2023-06-12 19:17:35 |             0.960160|             0.960160|      0.034400|      0.020130|  3.750100|
| ML-NEB |     4| 2023-06-12 19:17:35 |             0.000000|             0.000000|      0.235450|      0.118390|  1.626809|
| ML-NEB |     5| 2023-06-12 19:17:35 |             0.265150|             0.265140|      0.248580|      0.177030|  0.705974|
| ML-NEB |     6| 2023-06-12 19:17:35 |             0.269210|             0.269210|      0.227710|      0.113050|  0.767658|
| ML-NEB |     7| 2023-06-12 19:17:35 |             0.269930|             0.269920|      0.083200|      0.060990|  0.326380|
| ML-NEB |     8| 2023-06-12 19:17:35 |             0.325940|             0.325940|      0.085070|      0.046220|  0.253487|
| ML-NEB |     9| 2023-06-12 19:17:35 |             0.339350|             0.339350|      0.048350|      0.034500|  0.167349|
| ML-NEB |    10| 2023-06-12 19:17:35 |             0.337720|             0.337720|      0.150230|      0.064500|  0.591164|
| ML-NEB |    11| 2023-06-12 19:17:35 |             0.363350|             0.363350|      0.048130|      0.030570|  0.113755|
| ML-NEB |    12| 2023-06-12 19:17:35 |             0.370830|             0.370830|      0.134130|      0.051690|  0.570595|
| ML-NEB |    13| 2023-06-12 19:17:35 |             0.373160|             0.373160|      0.034520|      0.022040|  0.136368|
+--------+------+---------------------+---------------------+------------------+--------------+--------------+----------+


Training a Gaussian process...
Number of training points: 15
Optimized hyperparameters: [{'type': 'gaussian', 'width': [0.36302870557326805], 'dimension': 'single', 'bounds': ((0.1, 2.9581175547435623),), 'scaling': 0.07364257676978445, 'scaling_bounds': ((0.07364257676978445, 0.07364257676978445),)}, {'type': 'noise_multi', 'hyperparameters': [0.001, 0.002], 'bounds': ((0.001, 0.005), (0.0005, 0.002))}]
Gaussian process trained.
Max number steps: 750
Using initial path.
Optimizing ML CI-NEB using dt: 0.025
       Step     Time          Energy         fmax
MDMin:    0 19:17:36        4.275906        3.7498
MDMin:    1 19:17:36        4.267167        3.7193
       Step     Time          Energy         fmax
MDMin:    0 19:17:36        4.267167        3.7193
MDMin:    1 19:17:36        4.241521        3.6278
       Step     Time          Energy         fmax
MDMin:    0 19:17:36        4.241521        3.6278
MDMin:    1 19:17:36        4.200713        3.4763
       Step     Time          Energy         fmax
MDMin:    0 19:17:36        4.200713        3.4763
MDMin:    1 19:17:36        4.147570        3.2669
       Step     Time          Energy         fmax
MDMin:    0 19:17:36        4.147570        3.2669
MDMin:    1 19:17:36        4.085803        3.0044
       Step     Time          Energy         fmax
MDMin:    0 19:17:36        4.085803        3.0044
MDMin:    1 19:17:36        4.019685        2.6971
       Step     Time          Energy         fmax
MDMin:    0 19:17:36        4.019685        2.6971
MDMin:    1 19:17:36        3.953617        2.3563
       Step     Time          Energy         fmax
MDMin:    0 19:17:36        3.953617        2.3563
MDMin:    1 19:17:36        3.891648        1.9967
       Step     Time          Energy         fmax
MDMin:    0 19:17:36        3.891648        1.9967
MDMin:    1 19:17:36        3.837036        1.6339
       Step     Time          Energy         fmax
MDMin:    0 19:17:36        3.837036        1.6339
MDMin:    1 19:17:36        3.791944        1.2835
       Step     Time          Energy         fmax
MDMin:    0 19:17:36        3.791944        1.2835
MDMin:    1 19:17:36        3.757334        0.9586
       Step     Time          Energy         fmax
MDMin:    0 19:17:36        3.757334        0.9586
MDMin:    1 19:17:36        3.733024        0.6694
       Step     Time          Energy         fmax
MDMin:    0 19:17:36        3.733024        0.6694
MDMin:    1 19:17:36        3.717805        0.4247
       Step     Time          Energy         fmax
MDMin:    0 19:17:36        3.717805        0.4247
MDMin:    1 19:17:36        3.709466        0.2352
       Step     Time          Energy         fmax
MDMin:    0 19:17:36        3.709466        0.2352
MDMin:    1 19:17:36        3.704780        0.1395
       Step     Time          Energy         fmax
MDMin:    0 19:17:36        3.704780        0.1395
MDMin:    1 19:17:36        3.701061        0.1050
       Step     Time          Energy         fmax
MDMin:    0 19:17:36        3.701061        0.1050
MDMin:    1 19:17:36        3.697694        0.0757
       Step     Time          Energy         fmax
MDMin:    0 19:17:36        3.697694        0.0757
MDMin:    1 19:17:36        3.694584        0.0650
       Step     Time          Energy         fmax
MDMin:    0 19:17:36        3.694584        0.0650
MDMin:    1 19:17:36        3.691307        0.0615
       Step     Time          Energy         fmax
MDMin:    0 19:17:36        3.691307        0.0615
MDMin:    1 19:17:36        3.687269        0.0824
       Step     Time          Energy         fmax
MDMin:    0 19:17:36        3.687269        0.0824
MDMin:    1 19:17:36        3.682187        0.0988
       Step     Time          Energy         fmax
MDMin:    0 19:17:36        3.682187        0.0988
MDMin:    1 19:17:36        3.676099        0.1221
       Step     Time          Energy         fmax
MDMin:    0 19:17:36        3.676099        0.1221
MDMin:    1 19:17:36        3.669066        0.1370
       Step     Time          Energy         fmax
MDMin:    0 19:17:36        3.669066        0.1370
MDMin:    1 19:17:36        3.661248        0.1516
       Step     Time          Energy         fmax
MDMin:    0 19:17:36        3.661248        0.1516
MDMin:    1 19:17:36        3.652865        0.1588
       Step     Time          Energy         fmax
MDMin:    0 19:17:36        3.652865        0.1588
MDMin:    1 19:17:36        3.644338        0.1582
       Step     Time          Energy         fmax
MDMin:    0 19:17:36        3.644338        0.1582
MDMin:    1 19:17:36        3.636213        0.1576
       Step     Time          Energy         fmax
MDMin:    0 19:17:36        3.636213        0.1576
MDMin:    1 19:17:36        3.629170        0.1526
       Step     Time          Energy         fmax
MDMin:    0 19:17:36        3.629170        0.1526
MDMin:    1 19:17:36        3.623986        0.1461
       Step     Time          Energy         fmax
MDMin:    0 19:17:36        3.623986        0.1461
MDMin:    1 19:17:37        3.621432        0.1412
       Step     Time          Energy         fmax
MDMin:    0 19:17:37        3.621432        0.1412
MDMin:    1 19:17:37        3.621713        0.1414
       Step     Time          Energy         fmax
MDMin:    0 19:17:37        3.621713        0.1414
MDMin:    1 19:17:37        3.623865        0.1543
       Step     Time          Energy         fmax
MDMin:    0 19:17:37        3.623865        0.1543
MDMin:    1 19:17:37        3.627090        0.1779
       Step     Time          Energy         fmax
MDMin:    0 19:17:37        3.627090        0.1779
MDMin:    1 19:17:37        3.631223        0.2069
       Step     Time          Energy         fmax
MDMin:    0 19:17:37        3.631223        0.2069
MDMin:    1 19:17:37        3.636112        0.2355
       Step     Time          Energy         fmax
MDMin:    0 19:17:37        3.636112        0.2355
MDMin:    1 19:17:37        3.641524        0.2603
       Step     Time          Energy         fmax
MDMin:    0 19:17:37        3.641524        0.2603
MDMin:    1 19:17:37        3.647223        0.2796
       Step     Time          Energy         fmax
MDMin:    0 19:17:37        3.647223        0.2796
MDMin:    1 19:17:37        3.652975        0.2925
       Step     Time          Energy         fmax
MDMin:    0 19:17:37        3.652975        0.2925
MDMin:    1 19:17:37        3.658536        0.2986
       Step     Time          Energy         fmax
MDMin:    0 19:17:37        3.658536        0.2986
MDMin:    1 19:17:37        3.663643        0.2975
       Step     Time          Energy         fmax
MDMin:    0 19:17:37        3.663643        0.2975
MDMin:    1 19:17:37        3.668029        0.2893
       Step     Time          Energy         fmax
MDMin:    0 19:17:37        3.668029        0.2893
MDMin:    1 19:17:37        3.671426        0.2740
       Step     Time          Energy         fmax
MDMin:    0 19:17:37        3.671426        0.2740
MDMin:    1 19:17:37        3.673602        0.2525
       Step     Time          Energy         fmax
MDMin:    0 19:17:37        3.673602        0.2525
MDMin:    1 19:17:37        3.674388        0.2257
       Step     Time          Energy         fmax
MDMin:    0 19:17:37        3.674388        0.2257
MDMin:    1 19:17:37        3.673724        0.1953
       Step     Time          Energy         fmax
MDMin:    0 19:17:37        3.673724        0.1953
MDMin:    1 19:17:37        3.671702        0.1710
       Step     Time          Energy         fmax
MDMin:    0 19:17:37        3.671702        0.1710
MDMin:    1 19:17:37        3.668594        0.1659
       Step     Time          Energy         fmax
MDMin:    0 19:17:37        3.668594        0.1659
MDMin:    1 19:17:37        3.664855        0.1554
       Step     Time          Energy         fmax
MDMin:    0 19:17:37        3.664855        0.1554
MDMin:    1 19:17:37        3.661084        0.1395
       Step     Time          Energy         fmax
MDMin:    0 19:17:37        3.661084        0.1395
MDMin:    1 19:17:37        3.657915        0.1183
       Step     Time          Energy         fmax
MDMin:    0 19:17:37        3.657915        0.1183
MDMin:    1 19:17:37        3.655852        0.1192
       Step     Time          Energy         fmax
MDMin:    0 19:17:37        3.655852        0.1192
MDMin:    1 19:17:37        3.655080        0.1226
       Step     Time          Energy         fmax
MDMin:    0 19:17:37        3.655080        0.1226
MDMin:    1 19:17:37        3.655389        0.1185
       Step     Time          Energy         fmax
MDMin:    0 19:17:37        3.655389        0.1185
MDMin:    1 19:17:37        3.656315        0.1075
       Step     Time          Energy         fmax
MDMin:    0 19:17:37        3.656315        0.1075
MDMin:    1 19:17:37        3.657405        0.0916
       Step     Time          Energy         fmax
MDMin:    0 19:17:37        3.657405        0.0916
MDMin:    1 19:17:37        3.658357        0.0729
       Step     Time          Energy         fmax
MDMin:    0 19:17:37        3.658357        0.0729
MDMin:    1 19:17:37        3.659017        0.0530
       Step     Time          Energy         fmax
MDMin:    0 19:17:37        3.659017        0.0530
MDMin:    1 19:17:37        3.659310        0.0422
Converged opt. in the predicted landscape.
Performing evaluation on the real landscape...
Single-point calculation finished.


+--------+------+---------------------+---------------------+---------------------+--------------+--------------+----------+
| Method | Step |        Time         | Pred. barrier (-->) | Pred. barrier (<--) | Max. uncert. | Avg. uncert. |   fmax   |
+--------+------+---------------------+---------------------+------------------+--------------+--------------+----------+
| ML-NEB |     0| 2023-06-12 19:17:37 |             0.000000|             0.000000|      0.000000|      0.000000|  0.008990|
| ML-NEB |     1| 2023-06-12 19:17:37 |             0.000000|             0.000000|      0.000000|      0.000000|  2.893326|
| ML-NEB |     2| 2023-06-12 19:17:37 |             0.942750|             0.942750|      0.529310|      0.235590|  2.898587|
| ML-NEB |     3| 2023-06-12 19:17:37 |             0.960160|             0.960160|      0.034400|      0.020130|  3.750100|
| ML-NEB |     4| 2023-06-12 19:17:37 |             0.000000|             0.000000|      0.235450|      0.118390|  1.626809|
| ML-NEB |     5| 2023-06-12 19:17:37 |             0.265150|             0.265140|      0.248580|      0.177030|  0.705974|
| ML-NEB |     6| 2023-06-12 19:17:37 |             0.269210|             0.269210|      0.227710|      0.113050|  0.767658|
| ML-NEB |     7| 2023-06-12 19:17:37 |             0.269930|             0.269920|      0.083200|      0.060990|  0.326380|
| ML-NEB |     8| 2023-06-12 19:17:37 |             0.325940|             0.325940|      0.085070|      0.046220|  0.253487|
| ML-NEB |     9| 2023-06-12 19:17:37 |             0.339350|             0.339350|      0.048350|      0.034500|  0.167349|
| ML-NEB |    10| 2023-06-12 19:17:37 |             0.337720|             0.337720|      0.150230|      0.064500|  0.591164|
| ML-NEB |    11| 2023-06-12 19:17:37 |             0.363350|             0.363350|      0.048130|      0.030570|  0.113755|
| ML-NEB |    12| 2023-06-12 19:17:37 |             0.370830|             0.370830|      0.134130|      0.051690|  0.570595|
| ML-NEB |    13| 2023-06-12 19:17:37 |             0.373160|             0.373160|      0.034520|      0.022040|  0.136368|
| ML-NEB |    14| 2023-06-12 19:17:37 |             0.344990|             0.344990|      0.181870|      0.066760|  0.975710|
+--------+------+---------------------+---------------------+------------------+--------------+--------------+----------+


Training a Gaussian process...
Number of training points: 16
Optimized hyperparameters: [{'type': 'gaussian', 'width': [0.3920106787864551], 'dimension': 'single', 'bounds': ((0.1, 3.121298549846788),), 'scaling': 0.06940350196890388, 'scaling_bounds': ((0.06940350196890388, 0.06940350196890388),)}, {'type': 'noise_multi', 'hyperparameters': [0.005, 0.002], 'bounds': ((0.001, 0.005), (0.0005, 0.002))}]
Gaussian process trained.
Max number steps: 750
Using initial path.
Optimizing ML CI-NEB using dt: 0.025
       Step     Time          Energy         fmax
MDMin:    0 19:17:38        4.294709        3.7498
MDMin:    1 19:17:38        4.285968        3.7218
       Step     Time          Energy         fmax
MDMin:    0 19:17:38        4.285968        3.7218
MDMin:    1 19:17:38        4.260276        3.6379
       Step     Time          Energy         fmax
MDMin:    0 19:17:38        4.260276        3.6379
MDMin:    1 19:17:38        4.219255        3.4985
       Step     Time          Energy         fmax
MDMin:    0 19:17:38        4.219255        3.4985
MDMin:    1 19:17:38        4.165548        3.3048
       Step     Time          Energy         fmax
MDMin:    0 19:17:38        4.165548        3.3048
MDMin:    1 19:17:38        4.102662        3.0602
       Step     Time          Energy         fmax
MDMin:    0 19:17:38        4.102662        3.0602
MDMin:    1 19:17:38        4.034707        2.7706
       Step     Time          Energy         fmax
MDMin:    0 19:17:38        4.034707        2.7706
MDMin:    1 19:17:38        3.966029        2.4451
       Step     Time          Energy         fmax
MDMin:    0 19:17:38        3.966029        2.4451
MDMin:    1 19:17:38        3.900775        2.0958
       Step     Time          Energy         fmax
MDMin:    0 19:17:38        3.900775        2.0958
MDMin:    1 19:17:38        3.842459        1.7365
       Step     Time          Energy         fmax
MDMin:    0 19:17:38        3.842459        1.7365
MDMin:    1 19:17:38        3.793609        1.3820
       Step     Time          Energy         fmax
MDMin:    0 19:17:38        3.793609        1.3820
MDMin:    1 19:17:38        3.755569        1.0460
       Step     Time          Energy         fmax
MDMin:    0 19:17:38        3.755569        1.0460
MDMin:    1 19:17:38        3.728446        0.7408
       Step     Time          Energy         fmax
MDMin:    0 19:17:38        3.728446        0.7408
MDMin:    1 19:17:38        3.711152        0.4775
       Step     Time          Energy         fmax
MDMin:    0 19:17:38        3.711152        0.4775
MDMin:    1 19:17:38        3.701409        0.2704
       Step     Time          Energy         fmax
MDMin:    0 19:17:38        3.701409        0.2704
MDMin:    1 19:17:38        3.695873        0.1637
       Step     Time          Energy         fmax
MDMin:    0 19:17:38        3.695873        0.1637
MDMin:    1 19:17:38        3.691804        0.1355
       Step     Time          Energy         fmax
MDMin:    0 19:17:38        3.691804        0.1355
MDMin:    1 19:17:38        3.688540        0.1050
       Step     Time          Energy         fmax
MDMin:    0 19:17:38        3.688540        0.1050
MDMin:    1 19:17:38        3.686032        0.0757
       Step     Time          Energy         fmax
MDMin:    0 19:17:38        3.686032        0.0757
MDMin:    1 19:17:38        3.684168        0.0484
       Step     Time          Energy         fmax
MDMin:    0 19:17:38        3.684168        0.0484
MDMin:    1 19:17:38        3.682757        0.0318
Converged opt. in the predicted landscape.
Performing evaluation on the real landscape...
Single-point calculation finished.


+--------+------+---------------------+---------------------+---------------------+--------------+--------------+----------+
| Method | Step |        Time         | Pred. barrier (-->) | Pred. barrier (<--) | Max. uncert. | Avg. uncert. |   fmax   |
+--------+------+---------------------+---------------------+------------------+--------------+--------------+----------+
| ML-NEB |     0| 2023-06-12 19:17:38 |             0.000000|             0.000000|      0.000000|      0.000000|  0.008990|
| ML-NEB |     1| 2023-06-12 19:17:38 |             0.000000|             0.000000|      0.000000|      0.000000|  2.893326|
| ML-NEB |     2| 2023-06-12 19:17:38 |             0.942750|             0.942750|      0.529310|      0.235590|  2.898587|
| ML-NEB |     3| 2023-06-12 19:17:38 |             0.960160|             0.960160|      0.034400|      0.020130|  3.750100|
| ML-NEB |     4| 2023-06-12 19:17:38 |             0.000000|             0.000000|      0.235450|      0.118390|  1.626809|
| ML-NEB |     5| 2023-06-12 19:17:38 |             0.265150|             0.265140|      0.248580|      0.177030|  0.705974|
| ML-NEB |     6| 2023-06-12 19:17:38 |             0.269210|             0.269210|      0.227710|      0.113050|  0.767658|
| ML-NEB |     7| 2023-06-12 19:17:38 |             0.269930|             0.269920|      0.083200|      0.060990|  0.326380|
| ML-NEB |     8| 2023-06-12 19:17:38 |             0.325940|             0.325940|      0.085070|      0.046220|  0.253487|
| ML-NEB |     9| 2023-06-12 19:17:38 |             0.339350|             0.339350|      0.048350|      0.034500|  0.167349|
| ML-NEB |    10| 2023-06-12 19:17:38 |             0.337720|             0.337720|      0.150230|      0.064500|  0.591164|
| ML-NEB |    11| 2023-06-12 19:17:38 |             0.363350|             0.363350|      0.048130|      0.030570|  0.113755|
| ML-NEB |    12| 2023-06-12 19:17:38 |             0.370830|             0.370830|      0.134130|      0.051690|  0.570595|
| ML-NEB |    13| 2023-06-12 19:17:38 |             0.373160|             0.373160|      0.034520|      0.022040|  0.136368|
| ML-NEB |    14| 2023-06-12 19:17:38 |             0.344990|             0.344990|      0.181870|      0.066760|  0.975710|
| ML-NEB |    15| 2023-06-12 19:17:38 |             0.368440|             0.368440|      0.031290|      0.020150|  0.036400|
+--------+------+---------------------+---------------------+------------------+--------------+--------------+----------+
Congratulations! Stationary point is found! Check the file 'evaluated_structures.traj' using ASE.


Training a Gaussian process...
Number of training points: 17
Optimized hyperparameters: [{'type': 'gaussian', 'width': [0.36171354172833475], 'dimension': 'single', 'bounds': ((0.1, 2.9634476245192873),), 'scaling': 0.06548243814761248, 'scaling_bounds': ((0.06548243814761248, 0.06548243814761248),)}, {'type': 'noise_multi', 'hyperparameters': [0.001, 0.002], 'bounds': ((0.001, 0.005), (0.0005, 0.002))}]
Gaussian process trained.
Congratulations! Your ML NEB is converged. If you want to plot the ML NEB predicted path you should check the files 'results_neb.csv' and 'results_neb_interpolation.csv'.
The optimized predicted path can be found in:  ML-NEB.traj
Number of steps performed in total: 15
----------------------------------------------------------------------------------------------------------------------
You are using ML-NEB and CatLearn. Please cite: 
[1] J. A. Garrido Torres, M. H. Hansen, P. C. Jennings, J. R. Boes and T. Bligaard. Phys. Rev. Lett. 122, 156001. https://journals.aps.org/prl/abstract/10.1103/PhysRevLett.122.156001 
[2] M. H. Hansen, J. A. Garrido Torres, P. C. Jennings, Z. Wang, J. R. Boes, O. G. Mamun and T. Bligaard. An Atomistic Machine Learning Packagefor Surface Science and Catalysis. https://arxiv.org/abs/1904.00904 
----------------------------------------------------------------------------------------------------------------------

Summary of the results: 

Number of function evaluations CI-NEB implemented in ASE: 50
Number of function evaluations CatLearn: 15

The ML-NEB algorithm required  3.33 times less number of function evaluations than the standard NEB algorithm.

Timings: 
	ASE-NEB:  0.45194172859191895 seconds
	ML-NEB:  14.536526679992676 seconds
Energy barrier: 0.3684387991543643 eV
Saving pdf file with the NEB profile in file: MLNEB.pdf

Energy barrier:
	ASE-NEB:  0.3754668397431029 eV
	ML-NEB:  0.3684387991543643 eV

real	0m39.254s
user	0m24.706s
sys	0m39.328s
========= Job finished at Mon Jun 12 19:17:41 JST 2023 ==========
