Currently Loaded Modulefiles:
 1) oneapi_compiler/2023.0.0   2) oneapi_mkl/2023.0.0   3) oneapi_mpi/2023.0.0  
========= Job started  at Mon Jan 29 19:07:36 JST 2024 ==========
/home/k0107/k010725/apps/mambaforge/envs/catlearn/lib/python3.10/site-packages/ase/parallel.py:350: FutureWarning: ase.parallel.rank has been deprecated.  Please use ase.parallel.world.rank instead.
  warnings.warn('ase.parallel.{name} has been deprecated.  '
/home/k0107/k010725/apps/mambaforge/envs/catlearn/lib/python3.10/site-packages/ase/atoms.py:967: VisibleDeprecationWarning: Use get_global_number_of_atoms() instead
  warnings.warn('Use get_global_number_of_atoms() instead',
/home/k0107/k010725/apps/mambaforge/envs/catlearn/lib/python3.10/site-packages/ase/utils/__init__.py:62: FutureWarning: NEBTools.get_fit() is deprecated.  Please use ase.utils.forcecurve.fit_images(images).
  warnings.warn(warning)
srun: Job 1704204 step creation temporarily disabled, retrying (Requested nodes are busy)
srun: Step created for job 1704204
 
       ____      _   _                          
      / ___|__ _| |_| |    ___  __ _ _ __ _ __  
     | |   / _` | __| |   / _ \/ _` | '__| '_ \ 
     | |__| (_| | |_| |__|  __/ (_| | |  | | | |
      \____\__,_|\__|_____\___|\__,_|_|  |_| |_| ML-NEB 0.6.2
      
      
+--------+------+---------------------+---------------------+---------------------+--------------+--------------+----------+
| Method | Step |        Time         | Pred. barrier (-->) | Pred. barrier (<--) | Max. uncert. | Avg. uncert. |   fmax   |
+--------+------+---------------------+---------------------+------------------+--------------+--------------+----------+
| ML-NEB |     0| 2024-01-29 19:08:52 |             0.000000|             0.000000|      0.000000|      0.000000|  0.004605|
+--------+------+---------------------+---------------------+------------------+--------------+--------------+----------+
+--------+------+---------------------+---------------------+---------------------+--------------+--------------+----------+
| Method | Step |        Time         | Pred. barrier (-->) | Pred. barrier (<--) | Max. uncert. | Avg. uncert. |   fmax   |
+--------+------+---------------------+---------------------+------------------+--------------+--------------+----------+
| ML-NEB |     0| 2024-01-29 19:09:02 |             0.000000|             0.000000|      0.000000|      0.000000|  0.004605|
| ML-NEB |     1| 2024-01-29 19:09:02 |             0.000000|             0.000000|      0.000000|      0.000000|  5.595679|
+--------+------+---------------------+---------------------+------------------+--------------+--------------+----------+


Training a Gaussian process...
Number of training points: 3
Gaussian process trained.


+--------+------+---------------------+---------------------+---------------------+--------------+--------------+----------+
| Method | Step |        Time         | Pred. barrier (-->) | Pred. barrier (<--) | Max. uncert. | Avg. uncert. |   fmax   |
+--------+------+---------------------+---------------------+------------------+--------------+--------------+----------+
| ML-NEB |     0| 2024-01-29 19:09:19 |             0.000000|             0.000000|      0.000000|      0.000000|  0.004605|
| ML-NEB |     1| 2024-01-29 19:09:19 |             0.000000|             0.000000|      0.000000|      0.000000|  5.595679|
| ML-NEB |     2| 2024-01-29 19:09:19 |             2.113520|             2.113510|      0.990310|      0.420990|  5.594025|
+--------+------+---------------------+---------------------+------------------+--------------+--------------+----------+


Training a Gaussian process...
Number of training points: 4
Gaussian process trained.


+--------+------+---------------------+---------------------+---------------------+--------------+--------------+----------+
| Method | Step |        Time         | Pred. barrier (-->) | Pred. barrier (<--) | Max. uncert. | Avg. uncert. |   fmax   |
+--------+------+---------------------+---------------------+------------------+--------------+--------------+----------+
| ML-NEB |     0| 2024-01-29 19:09:27 |             0.000000|             0.000000|      0.000000|      0.000000|  0.004605|
| ML-NEB |     1| 2024-01-29 19:09:27 |             0.000000|             0.000000|      0.000000|      0.000000|  5.595679|
| ML-NEB |     2| 2024-01-29 19:09:27 |             2.113520|             2.113510|      0.990310|      0.420990|  5.594025|
| ML-NEB |     3| 2024-01-29 19:09:27 |             2.084410|             2.084410|      0.039770|      0.022600|  6.950700|
+--------+------+---------------------+---------------------+------------------+--------------+--------------+----------+


Training a Gaussian process...
Number of training points: 5
Gaussian process trained.


+--------+------+---------------------+---------------------+---------------------+--------------+--------------+----------+
| Method | Step |        Time         | Pred. barrier (-->) | Pred. barrier (<--) | Max. uncert. | Avg. uncert. |   fmax   |
+--------+------+---------------------+---------------------+------------------+--------------+--------------+----------+
| ML-NEB |     0| 2024-01-29 19:09:34 |             0.000000|             0.000000|      0.000000|      0.000000|  0.004605|
| ML-NEB |     1| 2024-01-29 19:09:34 |             0.000000|             0.000000|      0.000000|      0.000000|  5.595679|
| ML-NEB |     2| 2024-01-29 19:09:34 |             2.113520|             2.113510|      0.990310|      0.420990|  5.594025|
| ML-NEB |     3| 2024-01-29 19:09:34 |             2.084410|             2.084410|      0.039770|      0.022600|  6.950700|
| ML-NEB |     4| 2024-01-29 19:09:34 |             0.198600|             0.198590|      0.180210|      0.093160|  1.036822|
+--------+------+---------------------+---------------------+------------------+--------------+--------------+----------+


Training a Gaussian process...
Number of training points: 6
Gaussian process trained.


+--------+------+---------------------+---------------------+---------------------+--------------+--------------+----------+
| Method | Step |        Time         | Pred. barrier (-->) | Pred. barrier (<--) | Max. uncert. | Avg. uncert. |   fmax   |
+--------+------+---------------------+---------------------+------------------+--------------+--------------+----------+
| ML-NEB |     0| 2024-01-29 19:09:45 |             0.000000|             0.000000|      0.000000|      0.000000|  0.004605|
| ML-NEB |     1| 2024-01-29 19:09:45 |             0.000000|             0.000000|      0.000000|      0.000000|  5.595679|
| ML-NEB |     2| 2024-01-29 19:09:45 |             2.113520|             2.113510|      0.990310|      0.420990|  5.594025|
| ML-NEB |     3| 2024-01-29 19:09:45 |             2.084410|             2.084410|      0.039770|      0.022600|  6.950700|
| ML-NEB |     4| 2024-01-29 19:09:45 |             0.198600|             0.198590|      0.180210|      0.093160|  1.036822|
| ML-NEB |     5| 2024-01-29 19:09:45 |             2.084800|             2.084800|      0.316050|      0.134900|  2.565495|
+--------+------+---------------------+---------------------+------------------+--------------+--------------+----------+


Training a Gaussian process...
Number of training points: 7
Gaussian process trained.


+--------+------+---------------------+---------------------+---------------------+--------------+--------------+----------+
| Method | Step |        Time         | Pred. barrier (-->) | Pred. barrier (<--) | Max. uncert. | Avg. uncert. |   fmax   |
+--------+------+---------------------+---------------------+------------------+--------------+--------------+----------+
| ML-NEB |     0| 2024-01-29 19:09:52 |             0.000000|             0.000000|      0.000000|      0.000000|  0.004605|
| ML-NEB |     1| 2024-01-29 19:09:52 |             0.000000|             0.000000|      0.000000|      0.000000|  5.595679|
| ML-NEB |     2| 2024-01-29 19:09:52 |             2.113520|             2.113510|      0.990310|      0.420990|  5.594025|
| ML-NEB |     3| 2024-01-29 19:09:52 |             2.084410|             2.084410|      0.039770|      0.022600|  6.950700|
| ML-NEB |     4| 2024-01-29 19:09:52 |             0.198600|             0.198590|      0.180210|      0.093160|  1.036822|
| ML-NEB |     5| 2024-01-29 19:09:52 |             2.084800|             2.084800|      0.316050|      0.134900|  2.565495|
| ML-NEB |     6| 2024-01-29 19:09:52 |             0.950130|             0.950130|      0.247270|      0.109870|  1.487773|
+--------+------+---------------------+---------------------+------------------+--------------+--------------+----------+


Training a Gaussian process...
Number of training points: 8
Gaussian process trained.


+--------+------+---------------------+---------------------+---------------------+--------------+--------------+----------+
| Method | Step |        Time         | Pred. barrier (-->) | Pred. barrier (<--) | Max. uncert. | Avg. uncert. |   fmax   |
+--------+------+---------------------+---------------------+------------------+--------------+--------------+----------+
| ML-NEB |     0| 2024-01-29 19:10:00 |             0.000000|             0.000000|      0.000000|      0.000000|  0.004605|
| ML-NEB |     1| 2024-01-29 19:10:00 |             0.000000|             0.000000|      0.000000|      0.000000|  5.595679|
| ML-NEB |     2| 2024-01-29 19:10:00 |             2.113520|             2.113510|      0.990310|      0.420990|  5.594025|
| ML-NEB |     3| 2024-01-29 19:10:00 |             2.084410|             2.084410|      0.039770|      0.022600|  6.950700|
| ML-NEB |     4| 2024-01-29 19:10:00 |             0.198600|             0.198590|      0.180210|      0.093160|  1.036822|
| ML-NEB |     5| 2024-01-29 19:10:00 |             2.084800|             2.084800|      0.316050|      0.134900|  2.565495|
| ML-NEB |     6| 2024-01-29 19:10:00 |             0.950130|             0.950130|      0.247270|      0.109870|  1.487773|
| ML-NEB |     7| 2024-01-29 19:10:00 |             0.801330|             0.801330|      0.234720|      0.123200|  0.652001|
+--------+------+---------------------+---------------------+------------------+--------------+--------------+----------+


Training a Gaussian process...
Number of training points: 9
Gaussian process trained.


+--------+------+---------------------+---------------------+---------------------+--------------+--------------+----------+
| Method | Step |        Time         | Pred. barrier (-->) | Pred. barrier (<--) | Max. uncert. | Avg. uncert. |   fmax   |
+--------+------+---------------------+---------------------+------------------+--------------+--------------+----------+
| ML-NEB |     0| 2024-01-29 19:10:10 |             0.000000|             0.000000|      0.000000|      0.000000|  0.004605|
| ML-NEB |     1| 2024-01-29 19:10:10 |             0.000000|             0.000000|      0.000000|      0.000000|  5.595679|
| ML-NEB |     2| 2024-01-29 19:10:10 |             2.113520|             2.113510|      0.990310|      0.420990|  5.594025|
| ML-NEB |     3| 2024-01-29 19:10:10 |             2.084410|             2.084410|      0.039770|      0.022600|  6.950700|
| ML-NEB |     4| 2024-01-29 19:10:10 |             0.198600|             0.198590|      0.180210|      0.093160|  1.036822|
| ML-NEB |     5| 2024-01-29 19:10:10 |             2.084800|             2.084800|      0.316050|      0.134900|  2.565495|
| ML-NEB |     6| 2024-01-29 19:10:10 |             0.950130|             0.950130|      0.247270|      0.109870|  1.487773|
| ML-NEB |     7| 2024-01-29 19:10:10 |             0.801330|             0.801330|      0.234720|      0.123200|  0.652001|
| ML-NEB |     8| 2024-01-29 19:10:10 |             0.728460|             0.728450|      0.220330|      0.147680|  0.749281|
+--------+------+---------------------+---------------------+------------------+--------------+--------------+----------+


Training a Gaussian process...
Number of training points: 10
Gaussian process trained.


+--------+------+---------------------+---------------------+---------------------+--------------+--------------+----------+
| Method | Step |        Time         | Pred. barrier (-->) | Pred. barrier (<--) | Max. uncert. | Avg. uncert. |   fmax   |
+--------+------+---------------------+---------------------+------------------+--------------+--------------+----------+
| ML-NEB |     0| 2024-01-29 19:10:18 |             0.000000|             0.000000|      0.000000|      0.000000|  0.004605|
| ML-NEB |     1| 2024-01-29 19:10:18 |             0.000000|             0.000000|      0.000000|      0.000000|  5.595679|
| ML-NEB |     2| 2024-01-29 19:10:18 |             2.113520|             2.113510|      0.990310|      0.420990|  5.594025|
| ML-NEB |     3| 2024-01-29 19:10:18 |             2.084410|             2.084410|      0.039770|      0.022600|  6.950700|
| ML-NEB |     4| 2024-01-29 19:10:18 |             0.198600|             0.198590|      0.180210|      0.093160|  1.036822|
| ML-NEB |     5| 2024-01-29 19:10:18 |             2.084800|             2.084800|      0.316050|      0.134900|  2.565495|
| ML-NEB |     6| 2024-01-29 19:10:18 |             0.950130|             0.950130|      0.247270|      0.109870|  1.487773|
| ML-NEB |     7| 2024-01-29 19:10:18 |             0.801330|             0.801330|      0.234720|      0.123200|  0.652001|
| ML-NEB |     8| 2024-01-29 19:10:18 |             0.728460|             0.728450|      0.220330|      0.147680|  0.749281|
| ML-NEB |     9| 2024-01-29 19:10:18 |             0.671110|             0.671100|      0.199080|      0.085150|  0.329594|
+--------+------+---------------------+---------------------+------------------+--------------+--------------+----------+


Training a Gaussian process...
Number of training points: 11
Gaussian process trained.


+--------+------+---------------------+---------------------+---------------------+--------------+--------------+----------+
| Method | Step |        Time         | Pred. barrier (-->) | Pred. barrier (<--) | Max. uncert. | Avg. uncert. |   fmax   |
+--------+------+---------------------+---------------------+------------------+--------------+--------------+----------+
| ML-NEB |     0| 2024-01-29 19:10:27 |             0.000000|             0.000000|      0.000000|      0.000000|  0.004605|
| ML-NEB |     1| 2024-01-29 19:10:27 |             0.000000|             0.000000|      0.000000|      0.000000|  5.595679|
| ML-NEB |     2| 2024-01-29 19:10:27 |             2.113520|             2.113510|      0.990310|      0.420990|  5.594025|
| ML-NEB |     3| 2024-01-29 19:10:27 |             2.084410|             2.084410|      0.039770|      0.022600|  6.950700|
| ML-NEB |     4| 2024-01-29 19:10:27 |             0.198600|             0.198590|      0.180210|      0.093160|  1.036822|
| ML-NEB |     5| 2024-01-29 19:10:27 |             2.084800|             2.084800|      0.316050|      0.134900|  2.565495|
| ML-NEB |     6| 2024-01-29 19:10:27 |             0.950130|             0.950130|      0.247270|      0.109870|  1.487773|
| ML-NEB |     7| 2024-01-29 19:10:27 |             0.801330|             0.801330|      0.234720|      0.123200|  0.652001|
| ML-NEB |     8| 2024-01-29 19:10:27 |             0.728460|             0.728450|      0.220330|      0.147680|  0.749281|
| ML-NEB |     9| 2024-01-29 19:10:27 |             0.671110|             0.671100|      0.199080|      0.085150|  0.329594|
| ML-NEB |    10| 2024-01-29 19:10:27 |             0.718500|             0.718490|      0.150220|      0.081730|  0.738790|
+--------+------+---------------------+---------------------+------------------+--------------+--------------+----------+


Training a Gaussian process...
Number of training points: 12
Gaussian process trained.


+--------+------+---------------------+---------------------+---------------------+--------------+--------------+----------+
| Method | Step |        Time         | Pred. barrier (-->) | Pred. barrier (<--) | Max. uncert. | Avg. uncert. |   fmax   |
+--------+------+---------------------+---------------------+------------------+--------------+--------------+----------+
| ML-NEB |     0| 2024-01-29 19:10:35 |             0.000000|             0.000000|      0.000000|      0.000000|  0.004605|
| ML-NEB |     1| 2024-01-29 19:10:35 |             0.000000|             0.000000|      0.000000|      0.000000|  5.595679|
| ML-NEB |     2| 2024-01-29 19:10:35 |             2.113520|             2.113510|      0.990310|      0.420990|  5.594025|
| ML-NEB |     3| 2024-01-29 19:10:35 |             2.084410|             2.084410|      0.039770|      0.022600|  6.950700|
| ML-NEB |     4| 2024-01-29 19:10:35 |             0.198600|             0.198590|      0.180210|      0.093160|  1.036822|
| ML-NEB |     5| 2024-01-29 19:10:35 |             2.084800|             2.084800|      0.316050|      0.134900|  2.565495|
| ML-NEB |     6| 2024-01-29 19:10:35 |             0.950130|             0.950130|      0.247270|      0.109870|  1.487773|
| ML-NEB |     7| 2024-01-29 19:10:35 |             0.801330|             0.801330|      0.234720|      0.123200|  0.652001|
| ML-NEB |     8| 2024-01-29 19:10:35 |             0.728460|             0.728450|      0.220330|      0.147680|  0.749281|
| ML-NEB |     9| 2024-01-29 19:10:35 |             0.671110|             0.671100|      0.199080|      0.085150|  0.329594|
| ML-NEB |    10| 2024-01-29 19:10:35 |             0.718500|             0.718490|      0.150220|      0.081730|  0.738790|
| ML-NEB |    11| 2024-01-29 19:10:35 |             0.721050|             0.721050|      0.085160|      0.053420|  0.907504|
+--------+------+---------------------+---------------------+------------------+--------------+--------------+----------+


Training a Gaussian process...
Number of training points: 13
Gaussian process trained.


+--------+------+---------------------+---------------------+---------------------+--------------+--------------+----------+
| Method | Step |        Time         | Pred. barrier (-->) | Pred. barrier (<--) | Max. uncert. | Avg. uncert. |   fmax   |
+--------+------+---------------------+---------------------+------------------+--------------+--------------+----------+
| ML-NEB |     0| 2024-01-29 19:10:45 |             0.000000|             0.000000|      0.000000|      0.000000|  0.004605|
| ML-NEB |     1| 2024-01-29 19:10:45 |             0.000000|             0.000000|      0.000000|      0.000000|  5.595679|
| ML-NEB |     2| 2024-01-29 19:10:45 |             2.113520|             2.113510|      0.990310|      0.420990|  5.594025|
| ML-NEB |     3| 2024-01-29 19:10:45 |             2.084410|             2.084410|      0.039770|      0.022600|  6.950700|
| ML-NEB |     4| 2024-01-29 19:10:45 |             0.198600|             0.198590|      0.180210|      0.093160|  1.036822|
| ML-NEB |     5| 2024-01-29 19:10:45 |             2.084800|             2.084800|      0.316050|      0.134900|  2.565495|
| ML-NEB |     6| 2024-01-29 19:10:45 |             0.950130|             0.950130|      0.247270|      0.109870|  1.487773|
| ML-NEB |     7| 2024-01-29 19:10:45 |             0.801330|             0.801330|      0.234720|      0.123200|  0.652001|
| ML-NEB |     8| 2024-01-29 19:10:45 |             0.728460|             0.728450|      0.220330|      0.147680|  0.749281|
| ML-NEB |     9| 2024-01-29 19:10:45 |             0.671110|             0.671100|      0.199080|      0.085150|  0.329594|
| ML-NEB |    10| 2024-01-29 19:10:45 |             0.718500|             0.718490|      0.150220|      0.081730|  0.738790|
| ML-NEB |    11| 2024-01-29 19:10:45 |             0.721050|             0.721050|      0.085160|      0.053420|  0.907504|
| ML-NEB |    12| 2024-01-29 19:10:45 |             0.718880|             0.718880|      0.093760|      0.044020|  0.517587|
+--------+------+---------------------+---------------------+------------------+--------------+--------------+----------+


Training a Gaussian process...
Number of training points: 14
Gaussian process trained.


+--------+------+---------------------+---------------------+---------------------+--------------+--------------+----------+
| Method | Step |        Time         | Pred. barrier (-->) | Pred. barrier (<--) | Max. uncert. | Avg. uncert. |   fmax   |
+--------+------+---------------------+---------------------+------------------+--------------+--------------+----------+
| ML-NEB |     0| 2024-01-29 19:10:53 |             0.000000|             0.000000|      0.000000|      0.000000|  0.004605|
| ML-NEB |     1| 2024-01-29 19:10:53 |             0.000000|             0.000000|      0.000000|      0.000000|  5.595679|
| ML-NEB |     2| 2024-01-29 19:10:53 |             2.113520|             2.113510|      0.990310|      0.420990|  5.594025|
| ML-NEB |     3| 2024-01-29 19:10:53 |             2.084410|             2.084410|      0.039770|      0.022600|  6.950700|
| ML-NEB |     4| 2024-01-29 19:10:53 |             0.198600|             0.198590|      0.180210|      0.093160|  1.036822|
| ML-NEB |     5| 2024-01-29 19:10:53 |             2.084800|             2.084800|      0.316050|      0.134900|  2.565495|
| ML-NEB |     6| 2024-01-29 19:10:53 |             0.950130|             0.950130|      0.247270|      0.109870|  1.487773|
| ML-NEB |     7| 2024-01-29 19:10:53 |             0.801330|             0.801330|      0.234720|      0.123200|  0.652001|
| ML-NEB |     8| 2024-01-29 19:10:53 |             0.728460|             0.728450|      0.220330|      0.147680|  0.749281|
| ML-NEB |     9| 2024-01-29 19:10:53 |             0.671110|             0.671100|      0.199080|      0.085150|  0.329594|
| ML-NEB |    10| 2024-01-29 19:10:53 |             0.718500|             0.718490|      0.150220|      0.081730|  0.738790|
| ML-NEB |    11| 2024-01-29 19:10:53 |             0.721050|             0.721050|      0.085160|      0.053420|  0.907504|
| ML-NEB |    12| 2024-01-29 19:10:53 |             0.718880|             0.718880|      0.093760|      0.044020|  0.517587|
| ML-NEB |    13| 2024-01-29 19:10:53 |             0.717150|             0.717150|      0.062330|      0.026650|  0.793453|
+--------+------+---------------------+---------------------+------------------+--------------+--------------+----------+


Training a Gaussian process...
Number of training points: 15
Gaussian process trained.


+--------+------+---------------------+---------------------+---------------------+--------------+--------------+----------+
| Method | Step |        Time         | Pred. barrier (-->) | Pred. barrier (<--) | Max. uncert. | Avg. uncert. |   fmax   |
+--------+------+---------------------+---------------------+------------------+--------------+--------------+----------+
| ML-NEB |     0| 2024-01-29 19:11:04 |             0.000000|             0.000000|      0.000000|      0.000000|  0.004605|
| ML-NEB |     1| 2024-01-29 19:11:04 |             0.000000|             0.000000|      0.000000|      0.000000|  5.595679|
| ML-NEB |     2| 2024-01-29 19:11:04 |             2.113520|             2.113510|      0.990310|      0.420990|  5.594025|
| ML-NEB |     3| 2024-01-29 19:11:04 |             2.084410|             2.084410|      0.039770|      0.022600|  6.950700|
| ML-NEB |     4| 2024-01-29 19:11:04 |             0.198600|             0.198590|      0.180210|      0.093160|  1.036822|
| ML-NEB |     5| 2024-01-29 19:11:04 |             2.084800|             2.084800|      0.316050|      0.134900|  2.565495|
| ML-NEB |     6| 2024-01-29 19:11:04 |             0.950130|             0.950130|      0.247270|      0.109870|  1.487773|
| ML-NEB |     7| 2024-01-29 19:11:04 |             0.801330|             0.801330|      0.234720|      0.123200|  0.652001|
| ML-NEB |     8| 2024-01-29 19:11:04 |             0.728460|             0.728450|      0.220330|      0.147680|  0.749281|
| ML-NEB |     9| 2024-01-29 19:11:04 |             0.671110|             0.671100|      0.199080|      0.085150|  0.329594|
| ML-NEB |    10| 2024-01-29 19:11:04 |             0.718500|             0.718490|      0.150220|      0.081730|  0.738790|
| ML-NEB |    11| 2024-01-29 19:11:04 |             0.721050|             0.721050|      0.085160|      0.053420|  0.907504|
| ML-NEB |    12| 2024-01-29 19:11:04 |             0.718880|             0.718880|      0.093760|      0.044020|  0.517587|
| ML-NEB |    13| 2024-01-29 19:11:04 |             0.717150|             0.717150|      0.062330|      0.026650|  0.793453|
| ML-NEB |    14| 2024-01-29 19:11:04 |             0.716750|             0.716750|      0.023330|      0.016070|  0.179279|
+--------+------+---------------------+---------------------+------------------+--------------+--------------+----------+


Training a Gaussian process...
Number of training points: 16
Gaussian process trained.


+--------+------+---------------------+---------------------+---------------------+--------------+--------------+----------+
| Method | Step |        Time         | Pred. barrier (-->) | Pred. barrier (<--) | Max. uncert. | Avg. uncert. |   fmax   |
+--------+------+---------------------+---------------------+------------------+--------------+--------------+----------+
| ML-NEB |     0| 2024-01-29 19:11:13 |             0.000000|             0.000000|      0.000000|      0.000000|  0.004605|
| ML-NEB |     1| 2024-01-29 19:11:13 |             0.000000|             0.000000|      0.000000|      0.000000|  5.595679|
| ML-NEB |     2| 2024-01-29 19:11:13 |             2.113520|             2.113510|      0.990310|      0.420990|  5.594025|
| ML-NEB |     3| 2024-01-29 19:11:13 |             2.084410|             2.084410|      0.039770|      0.022600|  6.950700|
| ML-NEB |     4| 2024-01-29 19:11:13 |             0.198600|             0.198590|      0.180210|      0.093160|  1.036822|
| ML-NEB |     5| 2024-01-29 19:11:13 |             2.084800|             2.084800|      0.316050|      0.134900|  2.565495|
| ML-NEB |     6| 2024-01-29 19:11:13 |             0.950130|             0.950130|      0.247270|      0.109870|  1.487773|
| ML-NEB |     7| 2024-01-29 19:11:13 |             0.801330|             0.801330|      0.234720|      0.123200|  0.652001|
| ML-NEB |     8| 2024-01-29 19:11:13 |             0.728460|             0.728450|      0.220330|      0.147680|  0.749281|
| ML-NEB |     9| 2024-01-29 19:11:13 |             0.671110|             0.671100|      0.199080|      0.085150|  0.329594|
| ML-NEB |    10| 2024-01-29 19:11:13 |             0.718500|             0.718490|      0.150220|      0.081730|  0.738790|
| ML-NEB |    11| 2024-01-29 19:11:13 |             0.721050|             0.721050|      0.085160|      0.053420|  0.907504|
| ML-NEB |    12| 2024-01-29 19:11:13 |             0.718880|             0.718880|      0.093760|      0.044020|  0.517587|
| ML-NEB |    13| 2024-01-29 19:11:13 |             0.717150|             0.717150|      0.062330|      0.026650|  0.793453|
| ML-NEB |    14| 2024-01-29 19:11:13 |             0.716750|             0.716750|      0.023330|      0.016070|  0.179279|
| ML-NEB |    15| 2024-01-29 19:11:13 |             0.715540|             0.715530|      0.024240|      0.012430|  0.207503|
+--------+------+---------------------+---------------------+------------------+--------------+--------------+----------+


Training a Gaussian process...
Number of training points: 17
Gaussian process trained.


+--------+------+---------------------+---------------------+---------------------+--------------+--------------+----------+
| Method | Step |        Time         | Pred. barrier (-->) | Pred. barrier (<--) | Max. uncert. | Avg. uncert. |   fmax   |
+--------+------+---------------------+---------------------+------------------+--------------+--------------+----------+
| ML-NEB |     0| 2024-01-29 19:11:23 |             0.000000|             0.000000|      0.000000|      0.000000|  0.004605|
| ML-NEB |     1| 2024-01-29 19:11:23 |             0.000000|             0.000000|      0.000000|      0.000000|  5.595679|
| ML-NEB |     2| 2024-01-29 19:11:23 |             2.113520|             2.113510|      0.990310|      0.420990|  5.594025|
| ML-NEB |     3| 2024-01-29 19:11:23 |             2.084410|             2.084410|      0.039770|      0.022600|  6.950700|
| ML-NEB |     4| 2024-01-29 19:11:23 |             0.198600|             0.198590|      0.180210|      0.093160|  1.036822|
| ML-NEB |     5| 2024-01-29 19:11:23 |             2.084800|             2.084800|      0.316050|      0.134900|  2.565495|
| ML-NEB |     6| 2024-01-29 19:11:23 |             0.950130|             0.950130|      0.247270|      0.109870|  1.487773|
| ML-NEB |     7| 2024-01-29 19:11:23 |             0.801330|             0.801330|      0.234720|      0.123200|  0.652001|
| ML-NEB |     8| 2024-01-29 19:11:23 |             0.728460|             0.728450|      0.220330|      0.147680|  0.749281|
| ML-NEB |     9| 2024-01-29 19:11:23 |             0.671110|             0.671100|      0.199080|      0.085150|  0.329594|
| ML-NEB |    10| 2024-01-29 19:11:23 |             0.718500|             0.718490|      0.150220|      0.081730|  0.738790|
| ML-NEB |    11| 2024-01-29 19:11:23 |             0.721050|             0.721050|      0.085160|      0.053420|  0.907504|
| ML-NEB |    12| 2024-01-29 19:11:23 |             0.718880|             0.718880|      0.093760|      0.044020|  0.517587|
| ML-NEB |    13| 2024-01-29 19:11:23 |             0.717150|             0.717150|      0.062330|      0.026650|  0.793453|
| ML-NEB |    14| 2024-01-29 19:11:23 |             0.716750|             0.716750|      0.023330|      0.016070|  0.179279|
| ML-NEB |    15| 2024-01-29 19:11:23 |             0.715540|             0.715530|      0.024240|      0.012430|  0.207503|
| ML-NEB |    16| 2024-01-29 19:11:23 |             0.717220|             0.717220|      0.021370|      0.010720|  0.027859|
+--------+------+---------------------+---------------------+------------------+--------------+--------------+----------+
Congratulations! Stationary point is found! Check the file 'evaluated_structures.traj' using ASE.


Training a Gaussian process...
Number of training points: 18
Gaussian process trained.
Congratulations! Your ML NEB is converged. If you want to plot the ML NEB predicted path you should check the files 'results_neb.csv' and 'results_neb_interpolation.csv'.
The optimized predicted path can be found in:  ML-NEB.traj
Number of steps performed in total: 16
----------------------------------------------------------------------------------------------------------------------
You are using ML-NEB and CatLearn. Please cite: 
[1] J. A. Garrido Torres, M. H. Hansen, P. C. Jennings, J. R. Boes and T. Bligaard. Phys. Rev. Lett. 122, 156001. https://journals.aps.org/prl/abstract/10.1103/PhysRevLett.122.156001 
[2] M. H. Hansen, J. A. Garrido Torres, P. C. Jennings, Z. Wang, J. R. Boes, O. G. Mamun and T. Bligaard. An Atomistic Machine Learning Packagefor Surface Science and Catalysis. https://arxiv.org/abs/1904.00904 
----------------------------------------------------------------------------------------------------------------------
Energy barrier: 0.7172234282447789 eV
Traceback (most recent call last):
  File "/home/k0107/k010725/neb_tutorial/au_diffusion/06_mlneb_idpp_pw_multinode/output_files/mlneb.py", line 78, in <module>
    plotneb(trajectory='ML-NEB.traj', view_path=False)
  File "/home/k0107/k010725/apps/mambaforge/envs/catlearn/lib/python3.10/site-packages/catlearn/optimize/tools.py", line 50, in plotneb
    ax.annotate(s=str(np.round(e_barrier, 3))+' eV',
TypeError: Axes.annotate() missing 1 required positional argument: 'text'
Elapsed Time: 228 seconds
========= Job finished at Mon Jan 29 19:11:24 JST 2024 ==========
